BESS × Toll ablation, MC N=50, cadence=30d, scheme=doc_blended
  forward-curve drift: gas +6.5%, power +4.0%

[1/2] Calibrating + simulating 50 MC paths ...

[2/2] Solving 8 scenarios × 50 paths = 400 LP runs ...
  [LMP_only]   5/50
  [LMP_only]  10/50
  [LMP_only]  15/50
  [LMP_only]  20/50
  [LMP_only]  25/50
  [LMP_only]  30/50
  [LMP_only]  35/50
  [LMP_only]  40/50
  [LMP_only]  45/50
  [LMP_only]  50/50
  LMP only                   mean=$  19,750.6M  std=$1.66M  (10s)
  [LMP_+_toll]   5/50
  [LMP_+_toll]  10/50
  [LMP_+_toll]  15/50
  [LMP_+_toll]  20/50
  [LMP_+_toll]  25/50
  [LMP_+_toll]  30/50
  [LMP_+_toll]  35/50
  [LMP_+_toll]  40/50
  [LMP_+_toll]  45/50
  [LMP_+_toll]  50/50
  LMP + toll                 mean=$  19,748.1M  std=$1.43M  (11s)
  [LMP_+_BESS_Houston]   5/50
  [LMP_+_BESS_Houston]  10/50
  [LMP_+_BESS_Houston]  15/50
  [LMP_+_BESS_Houston]  20/50
  [LMP_+_BESS_Houston]  25/50
  [LMP_+_BESS_Houston]  30/50
  [LMP_+_BESS_Houston]  35/50
  [LMP_+_BESS_Houston]  40/50
  [LMP_+_BESS_Houston]  45/50
  [LMP_+_BESS_Houston]  50/50
  LMP + BESS Houston         mean=$  19,749.3M  std=$1.60M  (14s)
  [LMP_+_BESS_West]   5/50
  [LMP_+_BESS_West]  10/50
  [LMP_+_BESS_West]  15/50
  [LMP_+_BESS_West]  20/50
  [LMP_+_BESS_West]  25/50
  [LMP_+_BESS_West]  30/50
  [LMP_+_BESS_West]  35/50
  [LMP_+_BESS_West]  40/50
  [LMP_+_BESS_West]  45/50
  [LMP_+_BESS_West]  50/50
  LMP + BESS West            mean=$  19,749.6M  std=$1.58M  (15s)
  [LMP_+_BESS_both]   5/50
  [LMP_+_BESS_both]  10/50
  [LMP_+_BESS_both]  15/50
  [LMP_+_BESS_both]  20/50
  [LMP_+_BESS_both]  25/50
  [LMP_+_BESS_both]  30/50
  [LMP_+_BESS_both]  35/50
  [LMP_+_BESS_both]  40/50
  [LMP_+_BESS_both]  45/50
  [LMP_+_BESS_both]  50/50
  LMP + BESS both            mean=$  19,748.3M  std=$1.51M  (20s)
  [LMP_+_toll_+_BESS_Houston]   5/50
  [LMP_+_toll_+_BESS_Houston]  10/50
  [LMP_+_toll_+_BESS_Houston]  15/50
  [LMP_+_toll_+_BESS_Houston]  20/50
  [LMP_+_toll_+_BESS_Houston]  25/50
  [LMP_+_toll_+_BESS_Houston]  30/50
  [LMP_+_toll_+_BESS_Houston]  35/50
  [LMP_+_toll_+_BESS_Houston]  40/50
  [LMP_+_toll_+_BESS_Houston]  45/50
  [LMP_+_toll_+_BESS_Houston]  50/50
  LMP + toll + BESS Houston  mean=$  19,746.8M  std=$1.37M  (15s)
  [LMP_+_toll_+_BESS_West]   5/50
  [LMP_+_toll_+_BESS_West]  10/50
  [LMP_+_toll_+_BESS_West]  15/50
  [LMP_+_toll_+_BESS_West]  20/50
  [LMP_+_toll_+_BESS_West]  25/50
  [LMP_+_toll_+_BESS_West]  30/50
  [LMP_+_toll_+_BESS_West]  35/50
  [LMP_+_toll_+_BESS_West]  40/50
  [LMP_+_toll_+_BESS_West]  45/50
  [LMP_+_toll_+_BESS_West]  50/50
  LMP + toll + BESS West     mean=$  19,747.1M  std=$1.35M  (15s)
  [LMP_+_toll_+_BESS_both]   5/50
  [LMP_+_toll_+_BESS_both]  10/50
  [LMP_+_toll_+_BESS_both]  15/50
  [LMP_+_toll_+_BESS_both]  20/50
  [LMP_+_toll_+_BESS_both]  25/50
  [LMP_+_toll_+_BESS_both]  30/50
  [LMP_+_toll_+_BESS_both]  35/50
  [LMP_+_toll_+_BESS_both]  40/50
  [LMP_+_toll_+_BESS_both]  45/50
  [LMP_+_toll_+_BESS_both]  50/50
  LMP + toll + BESS both     mean=$  19,745.8M  std=$1.29M  (21s)

==========================================================================================
PROFIT BY SCENARIO  ($M, across 50 paths)
==========================================================================================
                 scenario   mean_$M  std_$M    p05_$M    p95_$M
                 LMP only 19,750.57    1.66 19,747.87 19,752.64
               LMP + toll 19,748.07    1.43 19,745.71 19,749.82
       LMP + BESS Houston 19,749.28    1.60 19,746.69 19,751.26
          LMP + BESS West 19,749.56    1.58 19,746.99 19,751.50
          LMP + BESS both 19,748.28    1.51 19,745.82 19,750.12
LMP + toll + BESS Houston 19,746.79    1.37 19,744.53 19,748.49
   LMP + toll + BESS West 19,747.06    1.35 19,744.84 19,748.74
   LMP + toll + BESS both 19,745.78    1.29 19,743.66 19,747.40

==========================================================================================
MARGINAL VALUE vs LMP-only  ($M, per-path delta then averaged)
==========================================================================================
                 scenario  delta_mean  delta_std  delta_p05  delta_p95
                 LMP only       +0.00      +0.00      +0.00      +0.00
               LMP + toll       -2.50      +0.33      -2.92      -2.02
       LMP + BESS Houston       -1.28      +0.08      -1.38      -1.14
          LMP + BESS West       -1.01      +0.10      -1.17      -0.85
          LMP + BESS both       -2.29      +0.16      -2.52      -1.97
LMP + toll + BESS Houston       -3.78      +0.41      -4.27      -3.19
   LMP + toll + BESS West       -3.51      +0.40      -4.01      -2.84
   LMP + toll + BESS both       -4.79      +0.47      -5.37      -3.98

==========================================================================================
BESS MECHANICS (averaged across paths)
==========================================================================================
                 scenario  ch_mwh  dis_dc_mwh  dis_grid_mwh  rev_bess_$M  bess_ch_$M  bess_lease_$M
       LMP + BESS Houston  56,529      13,796        38,211            2           1              3
          LMP + BESS West  59,048      14,175        40,149            2           1              3
          LMP + BESS both 115,577      21,853        84,478            5           3              6
LMP + toll + BESS Houston  56,529       7,058        44,948            3           1              3
   LMP + toll + BESS West  59,048      14,270        40,054            2           1              3
   LMP + toll + BESS both 115,577      16,253        90,078            5           3              6

BESS net (rev_bess - bess_ch - bess_lease, $M):
  LMP + BESS Houston         $-2.25M
  LMP + BESS West            $-2.08M
  LMP + BESS both            $-3.93M
  LMP + toll + BESS Houston  $-1.57M
  LMP + toll + BESS West     $-2.08M
  LMP + toll + BESS both     $-3.35M

==========================================================================================
VIRTUAL TBx SWAP — same 50 paths, x=4, daily settlement
==========================================================================================
   site  floating_mean_$M  floating_std_$M  floating_p05_$M  floating_p95_$M  breakeven_fixed_$M  net_at_physical_$M
HOUSTON             +1.56            +0.08            +1.46            +1.68               +1.56               -1.44
   WEST             +1.82            +0.10            +1.65            +1.97               +1.82               -1.18

TBx sensitivity to x (mean floating $M per site, RTE-adjusted):
x           1     2     4     8
site                           
HOUSTON +0.52 +0.94 +1.56 +2.27
WEST    +0.59 +1.09 +1.82 +2.63

==========================================================================================
PHYSICAL (LP-dispatched) vs VIRTUAL (TBx swap) BESS — per site, $M
==========================================================================================
   site  physical_net_$M  virtual_floating_$M  virtual_breakeven_$M  virtual_net_@$3M_$M  phys_minus_virt_$M
HOUSTON            -1.96                +1.56                 +1.56                -1.44               -0.52
   WEST            -1.96                +1.82                 +1.82                -1.18               -0.79
  physical_net = avg per-site (rev_bess - bess_ch - lease) from LP
  virtual_net_@$3M = E[floating] - $3M lease (apples-to-apples)

==========================================================================================
TOLL DAILY-CAP SENSITIVITY  (LMP+toll vs LMP-only, across 50 paths)
==========================================================================================
  [cap=peaker (720)]   5/50
  [cap=peaker (720)]  10/50
  [cap=peaker (720)]  15/50
  [cap=peaker (720)]  20/50
  [cap=peaker (720)]  25/50
  [cap=peaker (720)]  30/50
  [cap=peaker (720)]  35/50
  [cap=peaker (720)]  40/50
  [cap=peaker (720)]  45/50
  [cap=peaker (720)]  50/50
  peaker (720)              mean=$ 19,747.82M  toll delta vs LMP-only=$     -2.75M  toll-MWh=   58,423
  [cap=intermediate (1500)]   5/50
  [cap=intermediate (1500)]  10/50
  [cap=intermediate (1500)]  15/50
  [cap=intermediate (1500)]  20/50
  [cap=intermediate (1500)]  25/50
  [cap=intermediate (1500)]  30/50
  [cap=intermediate (1500)]  35/50
  [cap=intermediate (1500)]  40/50
  [cap=intermediate (1500)]  45/50
  [cap=intermediate (1500)]  50/50
  intermediate (1500)       mean=$ 19,748.05M  toll delta vs LMP-only=$     -2.52M  toll-MWh=   72,371
  [cap=near-nameplate (2280)]   5/50
  [cap=near-nameplate (2280)]  10/50
  [cap=near-nameplate (2280)]  15/50
  [cap=near-nameplate (2280)]  20/50
  [cap=near-nameplate (2280)]  25/50
  [cap=near-nameplate (2280)]  30/50
  [cap=near-nameplate (2280)]  35/50
  [cap=near-nameplate (2280)]  40/50
  [cap=near-nameplate (2280)]  45/50
  [cap=near-nameplate (2280)]  50/50
  near-nameplate (2280)     mean=$ 19,748.07M  toll delta vs LMP-only=$     -2.50M  toll-MWh=   74,379
  [cap=uncapped (None)]   5/50
  [cap=uncapped (None)]  10/50
  [cap=uncapped (None)]  15/50
  [cap=uncapped (None)]  20/50
  [cap=uncapped (None)]  25/50
  [cap=uncapped (None)]  30/50
  [cap=uncapped (None)]  35/50
  [cap=uncapped (None)]  40/50
  [cap=uncapped (None)]  45/50
  [cap=uncapped (None)]  50/50
  uncapped (None)           mean=$ 19,748.07M  toll delta vs LMP-only=$     -2.50M  toll-MWh=   74,411

Toll-cap sweep saved -> toll_cap_sweep_n50_doc_blended_c30.csv

==========================================================================================
RESERVATION-MW SENSITIVITY  (toll capacity sized ex-ante; LP solved per MW)
==========================================================================================
  MW=  0  base=$ 19,750.57M  lease@K=$8= 0.00M  net=$ 19,750.57M  (0s)
  [MW=20]   5/50
  [MW=20]  10/50
  [MW=20]  15/50
  [MW=20]  20/50
  [MW=20]  25/50
  [MW=20]  30/50
  [MW=20]  35/50
  [MW=20]  40/50
  [MW=20]  45/50
  [MW=20]  50/50
  MW= 20  base=$ 19,751.03M  lease@K=$8= 0.96M  net=$ 19,750.07M  (11s)
  [MW=40]   5/50
  [MW=40]  10/50
  [MW=40]  15/50
  [MW=40]  20/50
  [MW=40]  25/50
  [MW=40]  30/50
  [MW=40]  35/50
  [MW=40]  40/50
  [MW=40]  45/50
  [MW=40]  50/50
  MW= 40  base=$ 19,751.49M  lease@K=$8= 1.92M  net=$ 19,749.57M  (11s)
  [MW=60]   5/50
  [MW=60]  10/50
  [MW=60]  15/50
  [MW=60]  20/50
  [MW=60]  25/50
  [MW=60]  30/50
  [MW=60]  35/50
  [MW=60]  40/50
  [MW=60]  45/50
  [MW=60]  50/50
  MW= 60  base=$ 19,751.95M  lease@K=$8= 2.88M  net=$ 19,749.07M  (11s)
  [MW=80]   5/50
  [MW=80]  10/50
  [MW=80]  15/50
  [MW=80]  20/50
  [MW=80]  25/50
  [MW=80]  30/50
  [MW=80]  35/50
  [MW=80]  40/50
  [MW=80]  45/50
  [MW=80]  50/50
  MW= 80  base=$ 19,752.41M  lease@K=$8= 3.84M  net=$ 19,748.57M  (12s)
  [MW=100]   5/50
  [MW=100]  10/50
  [MW=100]  15/50
  [MW=100]  20/50
  [MW=100]  25/50
  [MW=100]  30/50
  [MW=100]  35/50
  [MW=100]  40/50
  [MW=100]  45/50
  [MW=100]  50/50
  MW=100  base=$ 19,752.87M  lease@K=$8= 4.80M  net=$ 19,748.07M  (10s)

Optimal reservation at K=$8.00/kW-mo: 0 MW  →  net=$19,750.57M  (LMP-only baseline: $19,750.57M, toll loses by $0.00M)

Reservation-MW sweep saved -> reservation_sweep_n50_doc_blended_c30.csv

==========================================================================================
CAPACITY-PAYMENT SENSITIVITY  (K swept; fixed-100MW vs optimal-MW views)
==========================================================================================
 K_per_kw_month  lease_at_100MW_$M  fixed100_net_mean_$M  fixed100_vs_lmp_only  optimal_mw  optimal_net_mean_$M  optimal_vs_lmp_only  lmp_only_mean_$M
          0.000              0.000            19,752.870                 2.301     100.000           19,752.870                2.301        19,750.569
          1.000              0.600            19,752.270                 1.701     100.000           19,752.270                1.701        19,750.569
          2.000              1.200            19,751.670                 1.101     100.000           19,751.670                1.101        19,750.569
          2.500              1.500            19,751.370                 0.801     100.000           19,751.370                0.801        19,750.569
          3.000              1.800            19,751.070                 0.501     100.000           19,751.070                0.501        19,750.569
          3.500              2.100            19,750.770                 0.201     100.000           19,750.770                0.201        19,750.569
          4.000              2.400            19,750.470                -0.099       0.000           19,750.569                0.000        19,750.569
          6.000              3.600            19,749.270                -1.299       0.000           19,750.569                0.000        19,750.569
          8.000              4.800            19,748.070                -2.499       0.000           19,750.569                0.000        19,750.569
         12.000              7.200            19,745.670                -4.899       0.000           19,750.569                0.000        19,750.569

Fixed-100MW breakeven K*  : $3.835/kW-month
Optimal-MW abandons toll  : at K ≥ $3.900/kW-month
Current default K=$8/kW-mo  → toll loses to LMP-only by $0.00M at the optimal MW reservation (0 MW)

Capacity-payment sweep saved -> capacity_payment_sweep_n50_doc_blended_c30.csv

Saved -> power_procurement_mc_n50_doc_blended_c30.csv (+ deltas, TBx, phys-vs-virt CSVs)
