==============================================================================
HEADLINE OPTIMIZATION DRIVER
==============================================================================
  scheme         : doc_blended
  toll           : True
  bess (both)    : True
  toll daily cap : none (unconstrained)
  RFP 500 floor  : 500.0 MWh-grid/day (mandatory)
  fwd-curve drift: gas +0.0%, power +0.0%
  mode           : Monte Carlo, N=50
  stress         : none

[Calibrate + simulate] 50 MC paths via monte_carlo.calibrate_and_simulate() ...
    series transform  shift  kappa  sigma  halflife_hr  dt_hours
HB_HOUSTON       log   1.10 0.0719 0.1413       9.6341       1.0
   HB_WEST       log  14.21 0.0439 0.1209      15.7783       1.0
  HenryHub       log   0.00 0.0183 0.0225     907.7886      24.0
  ⚠ Filtered out (fail 500/day floor or grid capacity): [10, 15, 20, 120, 150, 180]

[Phase A — Stage 1] Cadences: ['25d', '30d', '45d', '60d', '75d', '90d'] (from [10, 15, 20, 25, 30, 45, 60, 75, 90, 120, 150, 180])
  [S1 25d]   5/50
  [S1 25d]  10/50
  [S1 25d]  15/50
  [S1 25d]  20/50
  [S1 25d]  25/50
  [S1 25d]  30/50
  [S1 25d]  35/50
  [S1 25d]  40/50
  [S1 25d]  45/50
  [S1 25d]  50/50
  25d           mean profit across paths = $   90,114.8M
  [S1 30d]   5/50
  [S1 30d]  10/50
  [S1 30d]  15/50
  [S1 30d]  20/50
  [S1 30d]  25/50
  [S1 30d]  30/50
  [S1 30d]  35/50
  [S1 30d]  40/50
  [S1 30d]  45/50
  [S1 30d]  50/50
  30d           mean profit across paths = $   95,038.2M
  [S1 45d]   5/50
  [S1 45d]  10/50
  [S1 45d]  15/50
  [S1 45d]  20/50
  [S1 45d]  25/50
  [S1 45d]  30/50
  [S1 45d]  35/50
  [S1 45d]  40/50
  [S1 45d]  45/50
  [S1 45d]  50/50
  45d           mean profit across paths = $   90,429.4M
  [S1 60d]   5/50
  [S1 60d]  10/50
  [S1 60d]  15/50
  [S1 60d]  20/50
  [S1 60d]  25/50
  [S1 60d]  30/50
  [S1 60d]  35/50
  [S1 60d]  40/50
  [S1 60d]  45/50
  [S1 60d]  50/50
  60d           mean profit across paths = $   85,379.8M
  [S1 75d]   5/50
  [S1 75d]  10/50
  [S1 75d]  15/50
  [S1 75d]  20/50
  [S1 75d]  25/50
  [S1 75d]  30/50
  [S1 75d]  35/50
  [S1 75d]  40/50
  [S1 75d]  45/50
  [S1 75d]  50/50
  75d           mean profit across paths = $   82,005.1M
  [S1 90d]   5/50
  [S1 90d]  10/50
  [S1 90d]  15/50
  [S1 90d]  20/50
  [S1 90d]  25/50
  [S1 90d]  30/50
  [S1 90d]  35/50
  [S1 90d]  40/50
  [S1 90d]  45/50
  [S1 90d]  50/50
  90d           mean profit across paths = $   79,533.6M

  Stage-1 winner: 30d (mean $95,038.2M)

[Phase A — Stage 2] Refining around 30d → ['28d', '32d', '35d', '39d']
  [S2 28d]   5/50
  [S2 28d]  10/50
  [S2 28d]  15/50
  [S2 28d]  20/50
  [S2 28d]  25/50
  [S2 28d]  30/50
  [S2 28d]  35/50
  [S2 28d]  40/50
  [S2 28d]  45/50
  [S2 28d]  50/50
  28d           mean profit across paths = $   94,172.6M
  [S2 32d]   5/50
  [S2 32d]  10/50
  [S2 32d]  15/50
  [S2 32d]  20/50
  [S2 32d]  25/50
  [S2 32d]  30/50
  [S2 32d]  35/50
  [S2 32d]  40/50
  [S2 32d]  45/50
  [S2 32d]  50/50
  32d           mean profit across paths = $   94,937.9M
  [S2 35d]   5/50
  [S2 35d]  10/50
  [S2 35d]  15/50
  [S2 35d]  20/50
  [S2 35d]  25/50
  [S2 35d]  30/50
  [S2 35d]  35/50
  [S2 35d]  40/50
  [S2 35d]  45/50
  [S2 35d]  50/50
  35d           mean profit across paths = $   94,468.0M
  [S2 39d]   5/50
  [S2 39d]  10/50
  [S2 39d]  15/50
  [S2 39d]  20/50
  [S2 39d]  25/50
  [S2 39d]  30/50
  [S2 39d]  35/50
  [S2 39d]  40/50
  [S2 39d]  45/50
  [S2 39d]  50/50
  39d           mean profit across paths = $   92,791.3M

[Phase A complete in 3.0 min]

==============================================================================
PHASE B — Locked-cadence results  (30d, averaged across 50 MC paths)
==============================================================================
  Inference revenue             95,076.58 $M
  BESS sell-to-grid revenue          4.46 $M
  ─ LMP power cost          −       26.50
  ─ Toll power cost         −        3.08
  ─ Toll 6-mo capacity pay  −        4.80
  ─ BESS charge cost        −        2.43
  ─ BESS 6-mo lease         −        6.00
  ──────────────────────────────────────
  PROFIT                        95,038.23 $M

  Profit distribution across paths ($M):
    mean =   95,038.2
    std  =        0.9
    p05  =   95,036.7
    p50  =   95,038.2
    p95  =   95,039.5

  LP's hourly procurement choices (MWh, averaged across paths):
    LMP grid draw          806,171  (93.8% of total)
    Tolling draw            53,345  (6.2%)
    BESS charge            108,443
    BESS discharge → DC     16,246
    BESS discharge→grid     83,522
    Training (grid-MWh)    460,665
    Inference (grid-MWh)   415,096

PHASE A RANKING — mean profit across 50 paths, by cadence
cadence   mean_$M  std_$M    p05_$M    p95_$M
    30d 95,038.23    0.94 95,036.72 95,039.46
    32d 94,937.92    0.94 94,936.40 94,939.15
    35d 94,467.98    0.94 94,466.46 94,469.21
    28d 94,172.56    0.94 94,171.05 94,173.80
    39d 92,791.30    0.94 92,789.79 92,792.53
    45d 90,429.45    0.94 90,427.93 90,430.68
    25d 90,114.80    0.94 90,113.28 90,116.03
    60d 85,379.81    0.94 85,378.29 85,381.04
    75d 82,005.10    0.94 82,003.59 82,006.34
    90d 79,533.60    0.94 79,532.08 79,534.83

⭐ Optimal cadence: 30d  →  mean profit $95,038.2M

==============================================================================
PHASE C — Procurement optimization at cadence 30d
==============================================================================
  [LMP_only]   5/50
  [LMP_only]  10/50
  [LMP_only]  15/50
  [LMP_only]  20/50
  [LMP_only]  25/50
  [LMP_only]  30/50
  [LMP_only]  35/50
  [LMP_only]  40/50
  [LMP_only]  45/50
  [LMP_only]  50/50
  LMP only                   mean=$  95,044.90M  std=$1.11M
  [LMP_+_toll]   5/50
  [LMP_+_toll]  10/50
  [LMP_+_toll]  15/50
  [LMP_+_toll]  20/50
  [LMP_+_toll]  25/50
  [LMP_+_toll]  30/50
  [LMP_+_toll]  35/50
  [LMP_+_toll]  40/50
  [LMP_+_toll]  45/50
  [LMP_+_toll]  50/50
  LMP + toll                 mean=$  95,041.25M  std=$1.02M
  [LMP_+_BESS_Houston]   5/50
  [LMP_+_BESS_Houston]  10/50
  [LMP_+_BESS_Houston]  15/50
  [LMP_+_BESS_Houston]  20/50
  [LMP_+_BESS_Houston]  25/50
  [LMP_+_BESS_Houston]  30/50
  [LMP_+_BESS_Houston]  35/50
  [LMP_+_BESS_Houston]  40/50
  [LMP_+_BESS_Houston]  45/50
  [LMP_+_BESS_Houston]  50/50
  LMP + BESS Houston         mean=$  95,043.26M  std=$1.08M
  [LMP_+_BESS_West]   5/50
  [LMP_+_BESS_West]  10/50
  [LMP_+_BESS_West]  15/50
  [LMP_+_BESS_West]  20/50
  [LMP_+_BESS_West]  25/50
  [LMP_+_BESS_West]  30/50
  [LMP_+_BESS_West]  35/50
  [LMP_+_BESS_West]  40/50
  [LMP_+_BESS_West]  45/50
  [LMP_+_BESS_West]  50/50
  LMP + BESS West            mean=$  95,043.53M  std=$1.06M
  [LMP_+_BESS_both]   5/50
  [LMP_+_BESS_both]  10/50
  [LMP_+_BESS_both]  15/50
  [LMP_+_BESS_both]  20/50
  [LMP_+_BESS_both]  25/50
  [LMP_+_BESS_both]  30/50
  [LMP_+_BESS_both]  35/50
  [LMP_+_BESS_both]  40/50
  [LMP_+_BESS_both]  45/50
  [LMP_+_BESS_both]  50/50
  LMP + BESS both            mean=$  95,041.89M  std=$1.03M
  [LMP_+_toll_+_BESS_Houston]   5/50
  [LMP_+_toll_+_BESS_Houston]  10/50
  [LMP_+_toll_+_BESS_Houston]  15/50
  [LMP_+_toll_+_BESS_Houston]  20/50
  [LMP_+_toll_+_BESS_Houston]  25/50
  [LMP_+_toll_+_BESS_Houston]  30/50
  [LMP_+_toll_+_BESS_Houston]  35/50
  [LMP_+_toll_+_BESS_Houston]  40/50
  [LMP_+_toll_+_BESS_Houston]  45/50
  [LMP_+_toll_+_BESS_Houston]  50/50
  LMP + toll + BESS Houston  mean=$  95,039.61M  std=$0.99M
  [LMP_+_toll_+_BESS_West]   5/50
  [LMP_+_toll_+_BESS_West]  10/50
  [LMP_+_toll_+_BESS_West]  15/50
  [LMP_+_toll_+_BESS_West]  20/50
  [LMP_+_toll_+_BESS_West]  25/50
  [LMP_+_toll_+_BESS_West]  30/50
  [LMP_+_toll_+_BESS_West]  35/50
  [LMP_+_toll_+_BESS_West]  40/50
  [LMP_+_toll_+_BESS_West]  45/50
  [LMP_+_toll_+_BESS_West]  50/50
  LMP + toll + BESS West     mean=$  95,039.87M  std=$0.97M
  [LMP_+_toll_+_BESS_both]   5/50
  [LMP_+_toll_+_BESS_both]  10/50
  [LMP_+_toll_+_BESS_both]  15/50
  [LMP_+_toll_+_BESS_both]  20/50
  [LMP_+_toll_+_BESS_both]  25/50
  [LMP_+_toll_+_BESS_both]  30/50
  [LMP_+_toll_+_BESS_both]  35/50
  [LMP_+_toll_+_BESS_both]  40/50
  [LMP_+_toll_+_BESS_both]  45/50
  [LMP_+_toll_+_BESS_both]  50/50
  LMP + toll + BESS both     mean=$  95,038.23M  std=$0.94M

Procurement ranking (mean profit across paths, $M):
                 scenario   mean_$M  std_$M    p05_$M    p95_$M
                 LMP only 95,044.90    1.11 95,043.11 95,046.32
          LMP + BESS West 95,043.53    1.06 95,041.81 95,044.89
       LMP + BESS Houston 95,043.26    1.08 95,041.53 95,044.64
          LMP + BESS both 95,041.89    1.03 95,040.23 95,043.22
               LMP + toll 95,041.25    1.02 95,039.59 95,042.57
   LMP + toll + BESS West 95,039.87    0.97 95,038.30 95,041.14
LMP + toll + BESS Houston 95,039.61    0.99 95,038.02 95,040.89
   LMP + toll + BESS both 95,038.23    0.94 95,036.72 95,039.46

⭐ Optimal procurement: LMP only  →  $95,044.90M mean profit

==============================================================================
VERIFICATION — Re-checking cadence winner under optimal procurement
==============================================================================
  Testing cadences: ['25d', '28d', '30d', '32d', '35d', '39d']
  [V 25d]   5/50
  [V 25d]  10/50
  [V 25d]  15/50
  [V 25d]  20/50
  [V 25d]  25/50
  [V 25d]  30/50
  [V 25d]  35/50
  [V 25d]  40/50
  [V 25d]  45/50
  [V 25d]  50/50
  25d         mean=$  90,121.47M
  [V 28d]   5/50
  [V 28d]  10/50
  [V 28d]  15/50
  [V 28d]  20/50
  [V 28d]  25/50
  [V 28d]  30/50
  [V 28d]  35/50
  [V 28d]  40/50
  [V 28d]  45/50
  [V 28d]  50/50
  28d         mean=$  94,179.23M
  [V 30d]   5/50
  [V 30d]  10/50
  [V 30d]  15/50
  [V 30d]  20/50
  [V 30d]  25/50
  [V 30d]  30/50
  [V 30d]  35/50
  [V 30d]  40/50
  [V 30d]  45/50
  [V 30d]  50/50
  30d         mean=$  95,044.90M ← initial winner
  [V 32d]   5/50
  [V 32d]  10/50
  [V 32d]  15/50
  [V 32d]  20/50
  [V 32d]  25/50
  [V 32d]  30/50
  [V 32d]  35/50
  [V 32d]  40/50
  [V 32d]  45/50
  [V 32d]  50/50
  32d         mean=$  94,944.59M
  [V 35d]   5/50
  [V 35d]  10/50
  [V 35d]  15/50
  [V 35d]  20/50
  [V 35d]  25/50
  [V 35d]  30/50
  [V 35d]  35/50
  [V 35d]  40/50
  [V 35d]  45/50
  [V 35d]  50/50
  35d         mean=$  94,474.65M
  [V 39d]   5/50
  [V 39d]  10/50
  [V 39d]  15/50
  [V 39d]  20/50
  [V 39d]  25/50
  [V 39d]  30/50
  [V 39d]  35/50
  [V 39d]  40/50
  [V 39d]  45/50
  [V 39d]  50/50
  39d         mean=$  92,797.97M

  ✓ Cadence winner confirmed: 30d is still optimal under Scenario(use_houston_tolling=False, use_bess=False, bess_sites=('HOUSTON', 'WEST'), token_input_price_per_mm=30.0, token_output_price_per_mm=180.0, training_min_mwh_per_day=500.0, toll_max_mwh_per_day=None)

==============================================================================
FINAL OPTIMAL POLICY
==============================================================================
  Cadence:        30d  (confirmed)
  Procurement:    LMP only
  Mean profit:    $95,044.90M (across 50 paths, includes all fixed costs)

==============================================================================
HOURLY SCHEDULE — winning cadence 30d (across 50 MC paths)
==============================================================================
  Re-solving 50 paths to recover per-path hourly schedules ...
  All per-path schedules saved   → hourly_winner_all_paths_n50_doc_blended.csv  (439,200 rows)
  Averaged-across-paths schedule → hourly_winner_avg_n50_doc_blended.csv  (8,784 rows)

  Sample (first 24 hours at HOUSTON, mean ± std across 50 paths):
           datetime   lmp        g_lmp       g_toll        train          inf train_compute_mwh inf_compute_mwh
2026-06-01 00:00:00 27.48  100.0          0.0        100.0          0.0              80.0             0.0      
2026-06-01 01:00:00 25.10  100.0          0.0        100.0          0.0              80.0             0.0      
2026-06-01 02:00:00 24.18  100.0          0.0        100.0          0.0              80.0             0.0      
2026-06-01 03:00:00 23.97  100.0          0.0        100.0          0.0              80.0             0.0      
2026-06-01 04:00:00 24.20  100.0          0.0        100.0          0.0              80.0             0.0      
2026-06-01 05:00:00 26.32  100.0          0.0        100.0          0.0              80.0             0.0      
2026-06-01 06:00:00 27.99  100.0          0.0        100.0          0.0              80.0             0.0      
2026-06-01 07:00:00 25.13  100.0          0.0        100.0          0.0              80.0             0.0      
2026-06-01 08:00:00 20.01  100.0          0.0        100.0          0.0              80.0             0.0      
2026-06-01 09:00:00 20.25  100.0          0.0        100.0          0.0              80.0             0.0      
2026-06-01 10:00:00 24.01  100.0          0.0        100.0          0.0              80.0             0.0      
2026-06-01 11:00:00 28.26  100.0          0.0        100.0          0.0              80.0             0.0      
2026-06-01 12:00:00 34.08  100.0          0.0        100.0          0.0              80.0             0.0      
2026-06-01 13:00:00 37.70  100.0          0.0        100.0          0.0              80.0             0.0      
2026-06-01 14:00:00 39.08    98.0±14.1    0.0          98.0±14.1    0.0               78.4±11.3       0.0      
2026-06-01 15:00:00 40.81    96.0±19.8    0.0          96.0±19.8    0.0               76.8±15.8       0.0      
2026-06-01 16:00:00 41.07    97.2±15.1    0.0          97.2±15.1    0.0               77.8±12.1       0.0      
2026-06-01 17:00:00 39.89    98.0±14.1    0.0          98.0±14.1    0.0               78.4±11.3       0.0      
2026-06-01 18:00:00 44.04    94.0±24.0    0.0          94.0±24.0    0.0               75.2±19.2       0.0      
2026-06-01 19:00:00 68.48    66.0±47.9    0.0          66.0±47.9    0.0               52.8±38.3       0.0      
2026-06-01 20:00:00 74.51    64.0±48.5    0.0          64.0±48.5    0.0               51.2±38.8       0.0      
2026-06-01 21:00:00 57.42    88.0±32.8    0.0          88.0±32.8    0.0               70.4±26.3       0.0      
2026-06-01 22:00:00 40.87    94.0±24.0    0.0          94.0±24.0    0.0               75.2±19.2       0.0      
2026-06-01 23:00:00 33.22  100.0          0.0        100.0          0.0              80.0             0.0      
  Result figures (4) → figures/
    01_train_inf_diurnal.png
    02_train_inf_cost_daily.png
    03b_procurement_mix_daily.png
    04_lmp_toll_overlay.png

==============================================================================
RUN SUMMARY consolidated → run_summary_n50_doc_blended.json
==============================================================================
  Final policy: 30d × LMP only
  Mean profit:  $95,044.90M across 50 MC paths
  Output CSVs co-located in:  C:\Users\WCCO\Documents\GitHub\FTG Final\model\outputs
