BESS × Toll ablation, MC N=50, cadence=30d, scheme=doc_blended
  forward-curve drift: gas +3.0%, power +1.5%

[1/2] Calibrating + simulating 50 MC paths ...

[2/2] Solving 8 scenarios × 50 paths = 400 LP runs ...
  [LMP_only]   5/50
  [LMP_only]  10/50
  [LMP_only]  15/50
  [LMP_only]  20/50
  [LMP_only]  25/50
  [LMP_only]  30/50
  [LMP_only]  35/50
  [LMP_only]  40/50
  [LMP_only]  45/50
  [LMP_only]  50/50
  LMP only                   mean=$  76,123.3M  std=$1.63M  (10s)
  [LMP_+_toll]   5/50
  [LMP_+_toll]  10/50
  [LMP_+_toll]  15/50
  [LMP_+_toll]  20/50
  [LMP_+_toll]  25/50
  [LMP_+_toll]  30/50
  [LMP_+_toll]  35/50
  [LMP_+_toll]  40/50
  [LMP_+_toll]  45/50
  [LMP_+_toll]  50/50
  LMP + toll                 mean=$  76,120.7M  std=$1.40M  (9s)
  [LMP_+_BESS_Houston]   5/50
  [LMP_+_BESS_Houston]  10/50
  [LMP_+_BESS_Houston]  15/50
  [LMP_+_BESS_Houston]  20/50
  [LMP_+_BESS_Houston]  25/50
  [LMP_+_BESS_Houston]  30/50
  [LMP_+_BESS_Houston]  35/50
  [LMP_+_BESS_Houston]  40/50
  [LMP_+_BESS_Houston]  45/50
  [LMP_+_BESS_Houston]  50/50
  LMP + BESS Houston         mean=$  76,122.0M  std=$1.57M  (12s)
  [LMP_+_BESS_West]   5/50
  [LMP_+_BESS_West]  10/50
  [LMP_+_BESS_West]  15/50
  [LMP_+_BESS_West]  20/50
  [LMP_+_BESS_West]  25/50
  [LMP_+_BESS_West]  30/50
  [LMP_+_BESS_West]  35/50
  [LMP_+_BESS_West]  40/50
  [LMP_+_BESS_West]  45/50
  [LMP_+_BESS_West]  50/50
  LMP + BESS West            mean=$  76,122.2M  std=$1.55M  (12s)
  [LMP_+_BESS_both]   5/50
  [LMP_+_BESS_both]  10/50
  [LMP_+_BESS_both]  15/50
  [LMP_+_BESS_both]  20/50
  [LMP_+_BESS_both]  25/50
  [LMP_+_BESS_both]  30/50
  [LMP_+_BESS_both]  35/50
  [LMP_+_BESS_both]  40/50
  [LMP_+_BESS_both]  45/50
  [LMP_+_BESS_both]  50/50
  LMP + BESS both            mean=$  76,120.9M  std=$1.49M  (17s)
  [LMP_+_toll_+_BESS_Houston]   5/50
  [LMP_+_toll_+_BESS_Houston]  10/50
  [LMP_+_toll_+_BESS_Houston]  15/50
  [LMP_+_toll_+_BESS_Houston]  20/50
  [LMP_+_toll_+_BESS_Houston]  25/50
  [LMP_+_toll_+_BESS_Houston]  30/50
  [LMP_+_toll_+_BESS_Houston]  35/50
  [LMP_+_toll_+_BESS_Houston]  40/50
  [LMP_+_toll_+_BESS_Houston]  45/50
  [LMP_+_toll_+_BESS_Houston]  50/50
  LMP + toll + BESS Houston  mean=$  76,119.4M  std=$1.35M  (14s)
  [LMP_+_toll_+_BESS_West]   5/50
  [LMP_+_toll_+_BESS_West]  10/50
  [LMP_+_toll_+_BESS_West]  15/50
  [LMP_+_toll_+_BESS_West]  20/50
  [LMP_+_toll_+_BESS_West]  25/50
  [LMP_+_toll_+_BESS_West]  30/50
  [LMP_+_toll_+_BESS_West]  35/50
  [LMP_+_toll_+_BESS_West]  40/50
  [LMP_+_toll_+_BESS_West]  45/50
  [LMP_+_toll_+_BESS_West]  50/50
  LMP + toll + BESS West     mean=$  76,119.7M  std=$1.32M  (13s)
  [LMP_+_toll_+_BESS_both]   5/50
  [LMP_+_toll_+_BESS_both]  10/50
  [LMP_+_toll_+_BESS_both]  15/50
  [LMP_+_toll_+_BESS_both]  20/50
  [LMP_+_toll_+_BESS_both]  25/50
  [LMP_+_toll_+_BESS_both]  30/50
  [LMP_+_toll_+_BESS_both]  35/50
  [LMP_+_toll_+_BESS_both]  40/50
  [LMP_+_toll_+_BESS_both]  45/50
  [LMP_+_toll_+_BESS_both]  50/50
  LMP + toll + BESS both     mean=$  76,118.4M  std=$1.27M  (16s)

==========================================================================================
PROFIT BY SCENARIO  ($M, across 50 paths)
==========================================================================================
                 scenario   mean_$M  std_$M    p05_$M    p95_$M
                 LMP only 76,123.30    1.63 76,120.68 76,125.32
               LMP + toll 76,120.74    1.40 76,118.44 76,122.48
       LMP + BESS Houston 76,121.97    1.57 76,119.46 76,123.91
          LMP + BESS West 76,122.24    1.55 76,119.76 76,124.14
          LMP + BESS both 76,120.92    1.49 76,118.54 76,122.72
LMP + toll + BESS Houston 76,119.42    1.35 76,117.22 76,121.10
   LMP + toll + BESS West 76,119.69    1.32 76,117.52 76,121.35
   LMP + toll + BESS both 76,118.36    1.27 76,116.30 76,119.98

==========================================================================================
MARGINAL VALUE vs LMP-only  ($M, per-path delta then averaged)
==========================================================================================
                 scenario  delta_mean  delta_std  delta_p05  delta_p95
                 LMP only       +0.00      +0.00      +0.00      +0.00
               LMP + toll       -2.56      +0.32      -2.96      -2.08
       LMP + BESS Houston       -1.32      +0.08      -1.42      -1.19
          LMP + BESS West       -1.05      +0.10      -1.21      -0.90
          LMP + BESS both       -2.38      +0.16      -2.60      -2.06
LMP + toll + BESS Houston       -3.88      +0.40      -4.36      -3.29
   LMP + toll + BESS West       -3.61      +0.38      -4.10      -2.97
   LMP + toll + BESS both       -4.94      +0.46      -5.49      -4.15

==========================================================================================
BESS MECHANICS (averaged across paths)
==========================================================================================
                 scenario  ch_mwh  dis_dc_mwh  dis_grid_mwh  rev_bess_$M  bess_ch_$M  bess_lease_$M
       LMP + BESS Houston  56,539      13,992        38,024            2           1              3
          LMP + BESS West  59,229      14,550        39,941            2           1              3
          LMP + BESS both 115,768      22,234        84,273            5           3              6
LMP + toll + BESS Houston  56,539       7,129        44,887            3           1              3
   LMP + toll + BESS West  59,229      14,373        40,118            2           1              3
   LMP + toll + BESS both 115,768      16,330        90,176            5           3              6

BESS net (rev_bess - bess_ch - bess_lease, $M):
  LMP + BESS Houston         $-2.28M
  LMP + BESS West            $-2.12M
  LMP + BESS both            $-3.99M
  LMP + toll + BESS Houston  $-1.60M
  LMP + toll + BESS West     $-2.11M
  LMP + toll + BESS both     $-3.42M

==========================================================================================
VIRTUAL TBx SWAP — same 50 paths, x=4, daily settlement
==========================================================================================
   site  floating_mean_$M  floating_std_$M  floating_p05_$M  floating_p95_$M  breakeven_fixed_$M  net_at_physical_$M
HOUSTON             +1.52            +0.07            +1.43            +1.64               +1.52               -1.48
   WEST             +1.78            +0.09            +1.61            +1.92               +1.78               -1.22

TBx sensitivity to x (mean floating $M per site, RTE-adjusted):
x           1     2     4     8
site                           
HOUSTON +0.50 +0.92 +1.52 +2.21
WEST    +0.58 +1.06 +1.78 +2.57

==========================================================================================
PHYSICAL (LP-dispatched) vs VIRTUAL (TBx swap) BESS — per site, $M
==========================================================================================
   site  physical_net_$M  virtual_floating_$M  virtual_breakeven_$M  virtual_net_@$3M_$M  phys_minus_virt_$M
HOUSTON            -2.00                +1.52                 +1.52                -1.48               -0.52
   WEST            -2.00                +1.78                 +1.78                -1.22               -0.77
  physical_net = avg per-site (rev_bess - bess_ch - lease) from LP
  virtual_net_@$3M = E[floating] - $3M lease (apples-to-apples)

==========================================================================================
TOLL DAILY-CAP SENSITIVITY  (LMP+toll vs LMP-only, across 50 paths)
==========================================================================================
  [cap=peaker (720)]   5/50
  [cap=peaker (720)]  10/50
  [cap=peaker (720)]  15/50
  [cap=peaker (720)]  20/50
  [cap=peaker (720)]  25/50
  [cap=peaker (720)]  30/50
  [cap=peaker (720)]  35/50
  [cap=peaker (720)]  40/50
  [cap=peaker (720)]  45/50
  [cap=peaker (720)]  50/50
  peaker (720)              mean=$ 76,120.49M  toll delta vs LMP-only=$     -2.80M  toll-MWh=   58,069
  [cap=intermediate (1500)]   5/50
  [cap=intermediate (1500)]  10/50
  [cap=intermediate (1500)]  15/50
  [cap=intermediate (1500)]  20/50
  [cap=intermediate (1500)]  25/50
  [cap=intermediate (1500)]  30/50
  [cap=intermediate (1500)]  35/50
  [cap=intermediate (1500)]  40/50
  [cap=intermediate (1500)]  45/50
  [cap=intermediate (1500)]  50/50
  intermediate (1500)       mean=$ 76,120.72M  toll delta vs LMP-only=$     -2.58M  toll-MWh=   71,783
  [cap=near-nameplate (2280)]   5/50
  [cap=near-nameplate (2280)]  10/50
  [cap=near-nameplate (2280)]  15/50
  [cap=near-nameplate (2280)]  20/50
  [cap=near-nameplate (2280)]  25/50
  [cap=near-nameplate (2280)]  30/50
  [cap=near-nameplate (2280)]  35/50
  [cap=near-nameplate (2280)]  40/50
  [cap=near-nameplate (2280)]  45/50
  [cap=near-nameplate (2280)]  50/50
  near-nameplate (2280)     mean=$ 76,120.74M  toll delta vs LMP-only=$     -2.56M  toll-MWh=   73,716
  [cap=uncapped (None)]   5/50
  [cap=uncapped (None)]  10/50
  [cap=uncapped (None)]  15/50
  [cap=uncapped (None)]  20/50
  [cap=uncapped (None)]  25/50
  [cap=uncapped (None)]  30/50
  [cap=uncapped (None)]  35/50
  [cap=uncapped (None)]  40/50
  [cap=uncapped (None)]  45/50
  [cap=uncapped (None)]  50/50
  uncapped (None)           mean=$ 76,120.74M  toll delta vs LMP-only=$     -2.56M  toll-MWh=   73,747

Toll-cap sweep saved -> toll_cap_sweep_n50_doc_blended_c30.csv

==========================================================================================
RESERVATION-MW SENSITIVITY  (toll capacity sized ex-ante; LP solved per MW)
==========================================================================================
  MW=  0  base=$ 76,123.30M  lease@K=$8= 0.00M  net=$ 76,123.30M  (0s)
  [MW=20]   5/50
  [MW=20]  10/50
  [MW=20]  15/50
  [MW=20]  20/50
  [MW=20]  25/50
  [MW=20]  30/50
  [MW=20]  35/50
  [MW=20]  40/50
  [MW=20]  45/50
  [MW=20]  50/50
  MW= 20  base=$ 76,123.75M  lease@K=$8= 0.96M  net=$ 76,122.79M  (11s)
  [MW=40]   5/50
  [MW=40]  10/50
  [MW=40]  15/50
  [MW=40]  20/50
  [MW=40]  25/50
  [MW=40]  30/50
  [MW=40]  35/50
  [MW=40]  40/50
  [MW=40]  45/50
  [MW=40]  50/50
  MW= 40  base=$ 76,124.20M  lease@K=$8= 1.92M  net=$ 76,122.28M  (10s)
  [MW=60]   5/50
  [MW=60]  10/50
  [MW=60]  15/50
  [MW=60]  20/50
  [MW=60]  25/50
  [MW=60]  30/50
  [MW=60]  35/50
  [MW=60]  40/50
  [MW=60]  45/50
  [MW=60]  50/50
  MW= 60  base=$ 76,124.65M  lease@K=$8= 2.88M  net=$ 76,121.77M  (10s)
  [MW=80]   5/50
  [MW=80]  10/50
  [MW=80]  15/50
  [MW=80]  20/50
  [MW=80]  25/50
  [MW=80]  30/50
  [MW=80]  35/50
  [MW=80]  40/50
  [MW=80]  45/50
  [MW=80]  50/50
  MW= 80  base=$ 76,125.10M  lease@K=$8= 3.84M  net=$ 76,121.26M  (10s)
  [MW=100]   5/50
  [MW=100]  10/50
  [MW=100]  15/50
  [MW=100]  20/50
  [MW=100]  25/50
  [MW=100]  30/50
  [MW=100]  35/50
  [MW=100]  40/50
  [MW=100]  45/50
  [MW=100]  50/50
  MW=100  base=$ 76,125.54M  lease@K=$8= 4.80M  net=$ 76,120.74M  (10s)

Optimal reservation at K=$8.00/kW-mo: 0 MW  →  net=$76,123.30M  (LMP-only baseline: $76,123.30M, toll loses by $0.00M)

Reservation-MW sweep saved -> reservation_sweep_n50_doc_blended_c30.csv

==========================================================================================
CAPACITY-PAYMENT SENSITIVITY  (K swept; fixed-100MW vs optimal-MW views)
==========================================================================================
 K_per_kw_month  lease_at_100MW_$M  fixed100_net_mean_$M  fixed100_vs_lmp_only  optimal_mw  optimal_net_mean_$M  optimal_vs_lmp_only  lmp_only_mean_$M
          0.000              0.000            76,125.541                 2.242     100.000           76,125.541                2.242        76,123.299
          1.000              0.600            76,124.941                 1.642     100.000           76,124.941                1.642        76,123.299
          2.000              1.200            76,124.341                 1.042     100.000           76,124.341                1.042        76,123.299
          4.000              2.400            76,123.141                -0.158       0.000           76,123.299                0.000        76,123.299
          6.000              3.600            76,121.941                -1.358       0.000           76,123.299                0.000        76,123.299
          8.000              4.800            76,120.741                -2.558       0.000           76,123.299                0.000        76,123.299
         12.000              7.200            76,118.341                -4.958       0.000           76,123.299                0.000        76,123.299

Fixed-100MW breakeven K*  : $3.737/kW-month
Optimal-MW abandons toll  : at K ≥ $3.800/kW-month
Current default K=$8/kW-mo  → toll loses to LMP-only by $0.00M at the optimal MW reservation (0 MW)

Capacity-payment sweep saved -> capacity_payment_sweep_n50_doc_blended_c30.csv

Saved -> power_procurement_mc_n50_doc_blended_c30.csv (+ deltas, TBx, phys-vs-virt CSVs)
