BESS × Toll ablation, MC N=50, cadence=30d, scheme=doc_blended

[1/2] Calibrating + simulating 50 MC paths ...
  Stress overlay 'uri_full' applied: 100h @ $5000-$9000/MWh, p=0.05

[2/2] Solving 8 scenarios × 50 paths = 400 LP runs ...
  [LMP_only]   5/50
  [LMP_only]  10/50
  [LMP_only]  15/50
  [LMP_only]  20/50
  [LMP_only]  25/50
  [LMP_only]  30/50
  [LMP_only]  35/50
  [LMP_only]  40/50
  [LMP_only]  45/50
  [LMP_only]  50/50
  LMP only                   mean=$  19,738.3M  std=$41.65M  (9s)
  [LMP_+_toll]   5/50
  [LMP_+_toll]  10/50
  [LMP_+_toll]  15/50
  [LMP_+_toll]  20/50
  [LMP_+_toll]  25/50
  [LMP_+_toll]  30/50
  [LMP_+_toll]  35/50
  [LMP_+_toll]  40/50
  [LMP_+_toll]  45/50
  [LMP_+_toll]  50/50
  LMP + toll                 mean=$  19,740.6M  std=$26.98M  (10s)
  [LMP_+_BESS_Houston]   5/50
  [LMP_+_BESS_Houston]  10/50
  [LMP_+_BESS_Houston]  15/50
  [LMP_+_BESS_Houston]  20/50
  [LMP_+_BESS_Houston]  25/50
  [LMP_+_BESS_Houston]  30/50
  [LMP_+_BESS_Houston]  35/50
  [LMP_+_BESS_Houston]  40/50
  [LMP_+_BESS_Houston]  45/50
  [LMP_+_BESS_Houston]  50/50
  LMP + BESS Houston         mean=$  19,737.4M  std=$40.52M  (14s)
  [LMP_+_BESS_West]   5/50
  [LMP_+_BESS_West]  10/50
  [LMP_+_BESS_West]  15/50
  [LMP_+_BESS_West]  20/50
  [LMP_+_BESS_West]  25/50
  [LMP_+_BESS_West]  30/50
  [LMP_+_BESS_West]  35/50
  [LMP_+_BESS_West]  40/50
  [LMP_+_BESS_West]  45/50
  [LMP_+_BESS_West]  50/50
  LMP + BESS West            mean=$  19,737.6M  std=$40.53M  (14s)
  [LMP_+_BESS_both]   5/50
  [LMP_+_BESS_both]  10/50
  [LMP_+_BESS_both]  15/50
  [LMP_+_BESS_both]  20/50
  [LMP_+_BESS_both]  25/50
  [LMP_+_BESS_both]  30/50
  [LMP_+_BESS_both]  35/50
  [LMP_+_BESS_both]  40/50
  [LMP_+_BESS_both]  45/50
  [LMP_+_BESS_both]  50/50
  LMP + BESS both            mean=$  19,736.7M  std=$39.40M  (20s)
  [LMP_+_toll_+_BESS_Houston]   5/50
  [LMP_+_toll_+_BESS_Houston]  10/50
  [LMP_+_toll_+_BESS_Houston]  15/50
  [LMP_+_toll_+_BESS_Houston]  20/50
  [LMP_+_toll_+_BESS_Houston]  25/50
  [LMP_+_toll_+_BESS_Houston]  30/50
  [LMP_+_toll_+_BESS_Houston]  35/50
  [LMP_+_toll_+_BESS_Houston]  40/50
  [LMP_+_toll_+_BESS_Houston]  45/50
  [LMP_+_toll_+_BESS_Houston]  50/50
  LMP + toll + BESS Houston  mean=$  19,739.6M  std=$25.85M  (16s)
  [LMP_+_toll_+_BESS_West]   5/50
  [LMP_+_toll_+_BESS_West]  10/50
  [LMP_+_toll_+_BESS_West]  15/50
  [LMP_+_toll_+_BESS_West]  20/50
  [LMP_+_toll_+_BESS_West]  25/50
  [LMP_+_toll_+_BESS_West]  30/50
  [LMP_+_toll_+_BESS_West]  35/50
  [LMP_+_toll_+_BESS_West]  40/50
  [LMP_+_toll_+_BESS_West]  45/50
  [LMP_+_toll_+_BESS_West]  50/50
  LMP + toll + BESS West     mean=$  19,739.9M  std=$25.86M  (15s)
  [LMP_+_toll_+_BESS_both]   5/50
  [LMP_+_toll_+_BESS_both]  10/50
  [LMP_+_toll_+_BESS_both]  15/50
  [LMP_+_toll_+_BESS_both]  20/50
  [LMP_+_toll_+_BESS_both]  25/50
  [LMP_+_toll_+_BESS_both]  30/50
  [LMP_+_toll_+_BESS_both]  35/50
  [LMP_+_toll_+_BESS_both]  40/50
  [LMP_+_toll_+_BESS_both]  45/50
  [LMP_+_toll_+_BESS_both]  50/50
  LMP + toll + BESS both     mean=$  19,738.9M  std=$24.73M  (20s)

==========================================================================================
PROFIT BY SCENARIO  ($M, across 50 paths)
==========================================================================================
                 scenario   mean_$M  std_$M    p05_$M    p95_$M
                 LMP only 19,738.34   41.65 19,613.38 19,754.19
               LMP + toll 19,740.61   26.98 19,661.04 19,751.27
       LMP + BESS Houston 19,737.36   40.52 19,615.55 19,752.75
          LMP + BESS West 19,737.63   40.53 19,615.99 19,752.99
          LMP + BESS both 19,736.66   39.40 19,618.08 19,751.54
LMP + toll + BESS Houston 19,739.63   25.85 19,663.39 19,749.87
   LMP + toll + BESS West 19,739.90   25.86 19,663.73 19,750.11
   LMP + toll + BESS both 19,738.92   24.73 19,666.09 19,748.72

==========================================================================================
MARGINAL VALUE vs LMP-only  ($M, per-path delta then averaged)
==========================================================================================
                 scenario  delta_mean  delta_std  delta_p05  delta_p95
                 LMP only       +0.00      +0.00      +0.00      +0.00
               LMP + toll       +2.27     +14.69      -3.02     +45.68
       LMP + BESS Houston       -0.98      +1.13      -1.43      +2.42
          LMP + BESS West       -0.71      +1.12      -1.24      +2.63
          LMP + BESS both       -1.68      +2.25      -2.65      +4.94
LMP + toll + BESS Houston       +1.29     +15.81      -4.44     +48.15
   LMP + toll + BESS West       +1.56     +15.80      -4.18     +48.33
   LMP + toll + BESS both       +0.58     +16.93      -5.61     +50.80

==========================================================================================
BESS MECHANICS (averaged across paths)
==========================================================================================
                 scenario  ch_mwh  dis_dc_mwh  dis_grid_mwh  rev_bess_$M  bess_ch_$M  bess_lease_$M
       LMP + BESS Houston  56,576      13,877        38,173            3           2              3
          LMP + BESS West  59,393      14,322        40,320            3           2              3
          LMP + BESS both 115,969      21,834        84,858            7           4              6
LMP + toll + BESS Houston  56,576       7,136        44,914            4           2              3
   LMP + toll + BESS West  59,393      14,315        40,327            3           2              3
   LMP + toll + BESS both 115,969      16,358        90,334            8           4              6

BESS net (rev_bess - bess_ch - bess_lease, $M):
  LMP + BESS Houston         $-2.25M
  LMP + BESS West            $-2.10M
  LMP + BESS both            $-3.68M
  LMP + toll + BESS Houston  $-1.25M
  LMP + toll + BESS West     $-2.04M
  LMP + toll + BESS both     $-2.94M

==========================================================================================
VIRTUAL TBx SWAP — same 50 paths, x=4, daily settlement
==========================================================================================
   site  floating_mean_$M  floating_std_$M  floating_p05_$M  floating_p95_$M  breakeven_fixed_$M  net_at_physical_$M
HOUSTON             +1.86            +1.08            +1.42            +4.93               +1.86               -1.14
   WEST             +2.11            +1.07            +1.59            +5.23               +2.11               -0.89

TBx sensitivity to x (mean floating $M per site, RTE-adjusted):
x           1     2     4     8
site                           
HOUSTON +0.60 +1.10 +1.86 +2.74
WEST    +0.67 +1.24 +2.11 +3.09

==========================================================================================
PHYSICAL (LP-dispatched) vs VIRTUAL (TBx swap) BESS — per site, $M
==========================================================================================
   site  physical_net_$M  virtual_floating_$M  virtual_breakeven_$M  virtual_net_@$3M_$M  phys_minus_virt_$M
HOUSTON            -1.84                +1.86                 +1.86                -1.14               -0.69
   WEST            -1.84                +2.11                 +2.11                -0.89               -0.95
  physical_net = avg per-site (rev_bess - bess_ch - lease) from LP
  virtual_net_@$3M = E[floating] - $3M lease (apples-to-apples)

==========================================================================================
TOLL DAILY-CAP SENSITIVITY  (LMP+toll vs LMP-only, across 50 paths)
==========================================================================================
  [cap=peaker (720)]   5/50
  [cap=peaker (720)]  10/50
  [cap=peaker (720)]  15/50
  [cap=peaker (720)]  20/50
  [cap=peaker (720)]  25/50
  [cap=peaker (720)]  30/50
  [cap=peaker (720)]  35/50
  [cap=peaker (720)]  40/50
  [cap=peaker (720)]  45/50
  [cap=peaker (720)]  50/50
  peaker (720)              mean=$ 19,737.65M  toll delta vs LMP-only=$     -0.69M  toll-MWh=   57,880
  [cap=intermediate (1500)]   5/50
  [cap=intermediate (1500)]  10/50
  [cap=intermediate (1500)]  15/50
  [cap=intermediate (1500)]  20/50
  [cap=intermediate (1500)]  25/50
  [cap=intermediate (1500)]  30/50
  [cap=intermediate (1500)]  35/50
  [cap=intermediate (1500)]  40/50
  [cap=intermediate (1500)]  45/50
  [cap=intermediate (1500)]  50/50
  intermediate (1500)       mean=$ 19,739.46M  toll delta vs LMP-only=$     +1.12M  toll-MWh=   71,734
  [cap=near-nameplate (2280)]   5/50
  [cap=near-nameplate (2280)]  10/50
  [cap=near-nameplate (2280)]  15/50
  [cap=near-nameplate (2280)]  20/50
  [cap=near-nameplate (2280)]  25/50
  [cap=near-nameplate (2280)]  30/50
  [cap=near-nameplate (2280)]  35/50
  [cap=near-nameplate (2280)]  40/50
  [cap=near-nameplate (2280)]  45/50
  [cap=near-nameplate (2280)]  50/50
  near-nameplate (2280)     mean=$ 19,740.51M  toll delta vs LMP-only=$     +2.17M  toll-MWh=   73,925
  [cap=uncapped (None)]   5/50
  [cap=uncapped (None)]  10/50
  [cap=uncapped (None)]  15/50
  [cap=uncapped (None)]  20/50
  [cap=uncapped (None)]  25/50
  [cap=uncapped (None)]  30/50
  [cap=uncapped (None)]  35/50
  [cap=uncapped (None)]  40/50
  [cap=uncapped (None)]  45/50
  [cap=uncapped (None)]  50/50
  uncapped (None)           mean=$ 19,740.61M  toll delta vs LMP-only=$     +2.27M  toll-MWh=   73,992

Toll-cap sweep saved -> toll_cap_sweep_n50_doc_blended_c30.csv

==========================================================================================
RESERVATION-MW SENSITIVITY  (toll capacity sized ex-ante; LP solved per MW)
==========================================================================================
  MW=  0  base=$ 19,738.34M  lease@K=$8= 0.00M  net=$ 19,738.34M  (0s)
  [MW=20]   5/50
  [MW=20]  10/50
  [MW=20]  15/50
  [MW=20]  20/50
  [MW=20]  25/50
  [MW=20]  30/50
  [MW=20]  35/50
  [MW=20]  40/50
  [MW=20]  45/50
  [MW=20]  50/50
  MW= 20  base=$ 19,739.76M  lease@K=$8= 0.96M  net=$ 19,738.80M  (11s)
  [MW=40]   5/50
  [MW=40]  10/50
  [MW=40]  15/50
  [MW=40]  20/50
  [MW=40]  25/50
  [MW=40]  30/50
  [MW=40]  35/50
  [MW=40]  40/50
  [MW=40]  45/50
  [MW=40]  50/50
  MW= 40  base=$ 19,741.17M  lease@K=$8= 1.92M  net=$ 19,739.25M  (11s)
  [MW=60]   5/50
  [MW=60]  10/50
  [MW=60]  15/50
  [MW=60]  20/50
  [MW=60]  25/50
  [MW=60]  30/50
  [MW=60]  35/50
  [MW=60]  40/50
  [MW=60]  45/50
  [MW=60]  50/50
  MW= 60  base=$ 19,742.59M  lease@K=$8= 2.88M  net=$ 19,739.71M  (13s)
  [MW=80]   5/50
  [MW=80]  10/50
  [MW=80]  15/50
  [MW=80]  20/50
  [MW=80]  25/50
  [MW=80]  30/50
  [MW=80]  35/50
  [MW=80]  40/50
  [MW=80]  45/50
  [MW=80]  50/50
  MW= 80  base=$ 19,744.00M  lease@K=$8= 3.84M  net=$ 19,740.16M  (11s)
  [MW=100]   5/50
  [MW=100]  10/50
  [MW=100]  15/50
  [MW=100]  20/50
  [MW=100]  25/50
  [MW=100]  30/50
  [MW=100]  35/50
  [MW=100]  40/50
  [MW=100]  45/50
  [MW=100]  50/50
  MW=100  base=$ 19,745.41M  lease@K=$8= 4.80M  net=$ 19,740.61M  (11s)

Optimal reservation at K=$8.00/kW-mo: 100 MW  →  net=$19,740.61M  (LMP-only baseline: $19,738.34M, toll beats $2.27M)

Reservation-MW sweep saved -> reservation_sweep_n50_doc_blended_c30.csv

==========================================================================================
CAPACITY-PAYMENT SENSITIVITY  (K swept; fixed-100MW vs optimal-MW views)
==========================================================================================
 K_per_kw_month  lease_at_100MW_$M  fixed100_net_mean_$M  fixed100_vs_lmp_only  optimal_mw  optimal_net_mean_$M  optimal_vs_lmp_only  lmp_only_mean_$M
          0.000              0.000            19,745.409                 7.068     100.000           19,745.409                7.068        19,738.340
          1.000              0.600            19,744.809                 6.468     100.000           19,744.809                6.468        19,738.340
          2.000              1.200            19,744.209                 5.868     100.000           19,744.209                5.868        19,738.340
          2.500              1.500            19,743.909                 5.568     100.000           19,743.909                5.568        19,738.340
          3.000              1.800            19,743.609                 5.268     100.000           19,743.609                5.268        19,738.340
          3.500              2.100            19,743.309                 4.968     100.000           19,743.309                4.968        19,738.340
          4.000              2.400            19,743.009                 4.668     100.000           19,743.009                4.668        19,738.340
          6.000              3.600            19,741.809                 3.468     100.000           19,741.809                3.468        19,738.340
          8.000              4.800            19,740.609                 2.268     100.000           19,740.609                2.268        19,738.340
         12.000              7.200            19,738.209                -0.132       0.000           19,738.340                0.000        19,738.340

Fixed-100MW breakeven K*  : $11.781/kW-month
Optimal-MW abandons toll  : at K ≥ $11.850/kW-month
Current default K=$8/kW-mo  → toll beats LMP-only by $2.27M at the optimal MW reservation (100 MW)

Capacity-payment sweep saved -> capacity_payment_sweep_n50_doc_blended_c30.csv

Saved -> power_procurement_mc_n50_doc_blended_c30.csv (+ deltas, TBx, phys-vs-virt CSVs)
