BESS × Toll ablation, MC N=50, cadence=30d, scheme=doc_blended
  forward-curve drift: gas +6.5%, power +4.0%

[1/2] Calibrating + simulating 50 MC paths ...
  Stress overlay 'uri_full' applied: 100h @ $5000-$9000/MWh, p=0.05

[2/2] Solving 8 scenarios × 50 paths = 400 LP runs ...
  [LMP_only]   5/50
  [LMP_only]  10/50
  [LMP_only]  15/50
  [LMP_only]  20/50
  [LMP_only]  25/50
  [LMP_only]  30/50
  [LMP_only]  35/50
  [LMP_only]  40/50
  [LMP_only]  45/50
  [LMP_only]  50/50
  LMP only                   mean=$  76,108.4M  std=$41.64M  (10s)
  [LMP_+_toll]   5/50
  [LMP_+_toll]  10/50
  [LMP_+_toll]  15/50
  [LMP_+_toll]  20/50
  [LMP_+_toll]  25/50
  [LMP_+_toll]  30/50
  [LMP_+_toll]  35/50
  [LMP_+_toll]  40/50
  [LMP_+_toll]  45/50
  [LMP_+_toll]  50/50
  LMP + toll                 mean=$  76,110.8M  std=$26.97M  (9s)
  [LMP_+_BESS_Houston]   5/50
  [LMP_+_BESS_Houston]  10/50
  [LMP_+_BESS_Houston]  15/50
  [LMP_+_BESS_Houston]  20/50
  [LMP_+_BESS_Houston]  25/50
  [LMP_+_BESS_Houston]  30/50
  [LMP_+_BESS_Houston]  35/50
  [LMP_+_BESS_Houston]  40/50
  [LMP_+_BESS_Houston]  45/50
  [LMP_+_BESS_Houston]  50/50
  LMP + BESS Houston         mean=$  76,107.5M  std=$40.51M  (13s)
  [LMP_+_BESS_West]   5/50
  [LMP_+_BESS_West]  10/50
  [LMP_+_BESS_West]  15/50
  [LMP_+_BESS_West]  20/50
  [LMP_+_BESS_West]  25/50
  [LMP_+_BESS_West]  30/50
  [LMP_+_BESS_West]  35/50
  [LMP_+_BESS_West]  40/50
  [LMP_+_BESS_West]  45/50
  [LMP_+_BESS_West]  50/50
  LMP + BESS West            mean=$  76,107.8M  std=$40.52M  (12s)
  [LMP_+_BESS_both]   5/50
  [LMP_+_BESS_both]  10/50
  [LMP_+_BESS_both]  15/50
  [LMP_+_BESS_both]  20/50
  [LMP_+_BESS_both]  25/50
  [LMP_+_BESS_both]  30/50
  [LMP_+_BESS_both]  35/50
  [LMP_+_BESS_both]  40/50
  [LMP_+_BESS_both]  45/50
  [LMP_+_BESS_both]  50/50
  LMP + BESS both            mean=$  76,106.9M  std=$39.40M  (18s)
  [LMP_+_toll_+_BESS_Houston]   5/50
  [LMP_+_toll_+_BESS_Houston]  10/50
  [LMP_+_toll_+_BESS_Houston]  15/50
  [LMP_+_toll_+_BESS_Houston]  20/50
  [LMP_+_toll_+_BESS_Houston]  25/50
  [LMP_+_toll_+_BESS_Houston]  30/50
  [LMP_+_toll_+_BESS_Houston]  35/50
  [LMP_+_toll_+_BESS_Houston]  40/50
  [LMP_+_toll_+_BESS_Houston]  45/50
  [LMP_+_toll_+_BESS_Houston]  50/50
  LMP + toll + BESS Houston  mean=$  76,109.9M  std=$25.84M  (13s)
  [LMP_+_toll_+_BESS_West]   5/50
  [LMP_+_toll_+_BESS_West]  10/50
  [LMP_+_toll_+_BESS_West]  15/50
  [LMP_+_toll_+_BESS_West]  20/50
  [LMP_+_toll_+_BESS_West]  25/50
  [LMP_+_toll_+_BESS_West]  30/50
  [LMP_+_toll_+_BESS_West]  35/50
  [LMP_+_toll_+_BESS_West]  40/50
  [LMP_+_toll_+_BESS_West]  45/50
  [LMP_+_toll_+_BESS_West]  50/50
  LMP + toll + BESS West     mean=$  76,110.2M  std=$25.85M  (13s)
  [LMP_+_toll_+_BESS_both]   5/50
  [LMP_+_toll_+_BESS_both]  10/50
  [LMP_+_toll_+_BESS_both]  15/50
  [LMP_+_toll_+_BESS_both]  20/50
  [LMP_+_toll_+_BESS_both]  25/50
  [LMP_+_toll_+_BESS_both]  30/50
  [LMP_+_toll_+_BESS_both]  35/50
  [LMP_+_toll_+_BESS_both]  40/50
  [LMP_+_toll_+_BESS_both]  45/50
  [LMP_+_toll_+_BESS_both]  50/50
  LMP + toll + BESS both     mean=$  76,109.3M  std=$24.73M  (18s)

==========================================================================================
PROFIT BY SCENARIO  ($M, across 50 paths)
==========================================================================================
                 scenario   mean_$M  std_$M    p05_$M    p95_$M
                 LMP only 76,108.42   41.64 75,983.56 76,124.35
               LMP + toll 76,110.83   26.97 76,031.35 76,121.58
       LMP + BESS Houston 76,107.51   40.51 75,985.69 76,122.97
          LMP + BESS West 76,107.78   40.52 75,986.24 76,123.21
          LMP + BESS both 76,106.87   39.40 75,988.36 76,121.83
LMP + toll + BESS Houston 76,109.92   25.84 76,033.76 76,120.25
   LMP + toll + BESS West 76,110.20   25.85 76,034.12 76,120.50
   LMP + toll + BESS both 76,109.29   24.73 76,036.53 76,119.16

==========================================================================================
MARGINAL VALUE vs LMP-only  ($M, per-path delta then averaged)
==========================================================================================
                 scenario  delta_mean  delta_std  delta_p05  delta_p95
                 LMP only       +0.00      +0.00      +0.00      +0.00
               LMP + toll       +2.42     +14.69      -2.88     +45.84
       LMP + BESS Houston       -0.91      +1.13      -1.37      +2.48
          LMP + BESS West       -0.64      +1.12      -1.17      +2.70
          LMP + BESS both       -1.55      +2.25      -2.52      +5.08
LMP + toll + BESS Houston       +1.51     +15.81      -4.24     +48.39
   LMP + toll + BESS West       +1.78     +15.80      -3.97     +48.56
   LMP + toll + BESS both       +0.87     +16.92      -5.33     +51.11

==========================================================================================
BESS MECHANICS (averaged across paths)
==========================================================================================
                 scenario  ch_mwh  dis_dc_mwh  dis_grid_mwh  rev_bess_$M  bess_ch_$M  bess_lease_$M
       LMP + BESS Houston  56,561      13,759        38,277            3           2              3
          LMP + BESS West  59,069      14,609        39,734            3           2              3
          LMP + BESS both 115,630      21,863        84,516            7           5              6
LMP + toll + BESS Houston  56,561       7,177        44,859            4           2              3
   LMP + toll + BESS West  59,069      14,496        39,847            3           2              3
   LMP + toll + BESS both 115,630      16,410        89,970            8           5              6

BESS net (rev_bess - bess_ch - bess_lease, $M):
  LMP + BESS Houston         $-2.32M
  LMP + BESS West            $-1.94M
  LMP + BESS both            $-3.75M
  LMP + toll + BESS Houston  $-1.20M
  LMP + toll + BESS West     $-2.02M
  LMP + toll + BESS both     $-2.84M

==========================================================================================
VIRTUAL TBx SWAP — same 50 paths, x=4, daily settlement
==========================================================================================
   site  floating_mean_$M  floating_std_$M  floating_p05_$M  floating_p95_$M  breakeven_fixed_$M  net_at_physical_$M
HOUSTON             +1.92            +1.08            +1.47            +4.99               +1.92               -1.08
   WEST             +2.18            +1.07            +1.65            +5.30               +2.18               -0.82

TBx sensitivity to x (mean floating $M per site, RTE-adjusted):
x           1     2     4     8
site                           
HOUSTON +0.62 +1.13 +1.92 +2.82
WEST    +0.70 +1.28 +2.18 +3.19

==========================================================================================
PHYSICAL (LP-dispatched) vs VIRTUAL (TBx swap) BESS — per site, $M
==========================================================================================
   site  physical_net_$M  virtual_floating_$M  virtual_breakeven_$M  virtual_net_@$3M_$M  phys_minus_virt_$M
HOUSTON            -1.87                +1.92                 +1.92                -1.08               -0.79
   WEST            -1.87                +2.18                 +2.18                -0.82               -1.05
  physical_net = avg per-site (rev_bess - bess_ch - lease) from LP
  virtual_net_@$3M = E[floating] - $3M lease (apples-to-apples)

==========================================================================================
TOLL DAILY-CAP SENSITIVITY  (LMP+toll vs LMP-only, across 50 paths)
==========================================================================================
  [cap=peaker (720)]   5/50
  [cap=peaker (720)]  10/50
  [cap=peaker (720)]  15/50
  [cap=peaker (720)]  20/50
  [cap=peaker (720)]  25/50
  [cap=peaker (720)]  30/50
  [cap=peaker (720)]  35/50
  [cap=peaker (720)]  40/50
  [cap=peaker (720)]  45/50
  [cap=peaker (720)]  50/50
  peaker (720)              mean=$ 76,107.85M  toll delta vs LMP-only=$     -0.57M  toll-MWh=   58,992
  [cap=intermediate (1500)]   5/50
  [cap=intermediate (1500)]  10/50
  [cap=intermediate (1500)]  15/50
  [cap=intermediate (1500)]  20/50
  [cap=intermediate (1500)]  25/50
  [cap=intermediate (1500)]  30/50
  [cap=intermediate (1500)]  35/50
  [cap=intermediate (1500)]  40/50
  [cap=intermediate (1500)]  45/50
  [cap=intermediate (1500)]  50/50
  intermediate (1500)       mean=$ 76,109.68M  toll delta vs LMP-only=$     +1.26M  toll-MWh=   73,353
  [cap=near-nameplate (2280)]   5/50
  [cap=near-nameplate (2280)]  10/50
  [cap=near-nameplate (2280)]  15/50
  [cap=near-nameplate (2280)]  20/50
  [cap=near-nameplate (2280)]  25/50
  [cap=near-nameplate (2280)]  30/50
  [cap=near-nameplate (2280)]  35/50
  [cap=near-nameplate (2280)]  40/50
  [cap=near-nameplate (2280)]  45/50
  [cap=near-nameplate (2280)]  50/50
  near-nameplate (2280)     mean=$ 76,110.73M  toll delta vs LMP-only=$     +2.32M  toll-MWh=   75,661
  [cap=uncapped (None)]   5/50
  [cap=uncapped (None)]  10/50
  [cap=uncapped (None)]  15/50
  [cap=uncapped (None)]  20/50
  [cap=uncapped (None)]  25/50
  [cap=uncapped (None)]  30/50
  [cap=uncapped (None)]  35/50
  [cap=uncapped (None)]  40/50
  [cap=uncapped (None)]  45/50
  [cap=uncapped (None)]  50/50
  uncapped (None)           mean=$ 76,110.83M  toll delta vs LMP-only=$     +2.42M  toll-MWh=   75,729

Toll-cap sweep saved -> toll_cap_sweep_n50_doc_blended_c30.csv

==========================================================================================
RESERVATION-MW SENSITIVITY  (toll capacity sized ex-ante; LP solved per MW)
==========================================================================================
  MW=  0  base=$ 76,108.42M  lease@K=$8= 0.00M  net=$ 76,108.42M  (0s)
  [MW=20]   5/50
  [MW=20]  10/50
  [MW=20]  15/50
  [MW=20]  20/50
  [MW=20]  25/50
  [MW=20]  30/50
  [MW=20]  35/50
  [MW=20]  40/50
  [MW=20]  45/50
  [MW=20]  50/50
  MW= 20  base=$ 76,109.86M  lease@K=$8= 0.96M  net=$ 76,108.90M  (10s)
  [MW=40]   5/50
  [MW=40]  10/50
  [MW=40]  15/50
  [MW=40]  20/50
  [MW=40]  25/50
  [MW=40]  30/50
  [MW=40]  35/50
  [MW=40]  40/50
  [MW=40]  45/50
  [MW=40]  50/50
  MW= 40  base=$ 76,111.31M  lease@K=$8= 1.92M  net=$ 76,109.39M  (10s)
  [MW=60]   5/50
  [MW=60]  10/50
  [MW=60]  15/50
  [MW=60]  20/50
  [MW=60]  25/50
  [MW=60]  30/50
  [MW=60]  35/50
  [MW=60]  40/50
  [MW=60]  45/50
  [MW=60]  50/50
  MW= 60  base=$ 76,112.75M  lease@K=$8= 2.88M  net=$ 76,109.87M  (10s)
  [MW=80]   5/50
  [MW=80]  10/50
  [MW=80]  15/50
  [MW=80]  20/50
  [MW=80]  25/50
  [MW=80]  30/50
  [MW=80]  35/50
  [MW=80]  40/50
  [MW=80]  45/50
  [MW=80]  50/50
  MW= 80  base=$ 76,114.19M  lease@K=$8= 3.84M  net=$ 76,110.35M  (10s)
  [MW=100]   5/50
  [MW=100]  10/50
  [MW=100]  15/50
  [MW=100]  20/50
  [MW=100]  25/50
  [MW=100]  30/50
  [MW=100]  35/50
  [MW=100]  40/50
  [MW=100]  45/50
  [MW=100]  50/50
  MW=100  base=$ 76,115.63M  lease@K=$8= 4.80M  net=$ 76,110.83M  (9s)

Optimal reservation at K=$8.00/kW-mo: 100 MW  →  net=$76,110.83M  (LMP-only baseline: $76,108.42M, toll beats $2.42M)

Reservation-MW sweep saved -> reservation_sweep_n50_doc_blended_c30.csv

==========================================================================================
CAPACITY-PAYMENT SENSITIVITY  (K swept; fixed-100MW vs optimal-MW views)
==========================================================================================
 K_per_kw_month  lease_at_100MW_$M  fixed100_net_mean_$M  fixed100_vs_lmp_only  optimal_mw  optimal_net_mean_$M  optimal_vs_lmp_only  lmp_only_mean_$M
          0.000              0.000            76,115.634                 7.219     100.000           76,115.634                7.219        76,108.416
          1.000              0.600            76,115.034                 6.619     100.000           76,115.034                6.619        76,108.416
          2.000              1.200            76,114.434                 6.019     100.000           76,114.434                6.019        76,108.416
          2.500              1.500            76,114.134                 5.719     100.000           76,114.134                5.719        76,108.416
          3.000              1.800            76,113.834                 5.419     100.000           76,113.834                5.419        76,108.416
          3.500              2.100            76,113.534                 5.119     100.000           76,113.534                5.119        76,108.416
          4.000              2.400            76,113.234                 4.819     100.000           76,113.234                4.819        76,108.416
          6.000              3.600            76,112.034                 3.619     100.000           76,112.034                3.619        76,108.416
          8.000              4.800            76,110.834                 2.419     100.000           76,110.834                2.419        76,108.416
         12.000              7.200            76,108.434                 0.019     100.000           76,108.434                0.019        76,108.416

Fixed-100MW breakeven K*  : $12.031/kW-month
Optimal-MW abandons toll  : at K ≥ $12.100/kW-month
Current default K=$8/kW-mo  → toll beats LMP-only by $2.42M at the optimal MW reservation (100 MW)

Capacity-payment sweep saved -> capacity_payment_sweep_n50_doc_blended_c30.csv

Saved -> power_procurement_mc_n50_doc_blended_c30.csv (+ deltas, TBx, phys-vs-virt CSVs)
