BESS × Toll ablation, MC N=50, cadence=30d, scheme=doc_blended
  forward-curve drift: gas +3.0%, power +1.5%

[1/2] Calibrating + simulating 50 MC paths ...

[2/2] Solving 8 scenarios × 50 paths = 400 LP runs ...
  [LMP_only]   5/50
  [LMP_only]  10/50
  [LMP_only]  15/50
  [LMP_only]  20/50
  [LMP_only]  25/50
  [LMP_only]  30/50
  [LMP_only]  35/50
  [LMP_only]  40/50
  [LMP_only]  45/50
  [LMP_only]  50/50
  LMP only                   mean=$  95,044.3M  std=$1.13M  (9s)
  [LMP_+_toll]   5/50
  [LMP_+_toll]  10/50
  [LMP_+_toll]  15/50
  [LMP_+_toll]  20/50
  [LMP_+_toll]  25/50
  [LMP_+_toll]  30/50
  [LMP_+_toll]  35/50
  [LMP_+_toll]  40/50
  [LMP_+_toll]  45/50
  [LMP_+_toll]  50/50
  LMP + toll                 mean=$  95,040.7M  std=$1.04M  (10s)
  [LMP_+_BESS_Houston]   5/50
  [LMP_+_BESS_Houston]  10/50
  [LMP_+_BESS_Houston]  15/50
  [LMP_+_BESS_Houston]  20/50
  [LMP_+_BESS_Houston]  25/50
  [LMP_+_BESS_Houston]  30/50
  [LMP_+_BESS_Houston]  35/50
  [LMP_+_BESS_Houston]  40/50
  [LMP_+_BESS_Houston]  45/50
  [LMP_+_BESS_Houston]  50/50
  LMP + BESS Houston         mean=$  95,042.7M  std=$1.09M  (14s)
  [LMP_+_BESS_West]   5/50
  [LMP_+_BESS_West]  10/50
  [LMP_+_BESS_West]  15/50
  [LMP_+_BESS_West]  20/50
  [LMP_+_BESS_West]  25/50
  [LMP_+_BESS_West]  30/50
  [LMP_+_BESS_West]  35/50
  [LMP_+_BESS_West]  40/50
  [LMP_+_BESS_West]  45/50
  [LMP_+_BESS_West]  50/50
  LMP + BESS West            mean=$  95,043.0M  std=$1.08M  (13s)
  [LMP_+_BESS_both]   5/50
  [LMP_+_BESS_both]  10/50
  [LMP_+_BESS_both]  15/50
  [LMP_+_BESS_both]  20/50
  [LMP_+_BESS_both]  25/50
  [LMP_+_BESS_both]  30/50
  [LMP_+_BESS_both]  35/50
  [LMP_+_BESS_both]  40/50
  [LMP_+_BESS_both]  45/50
  [LMP_+_BESS_both]  50/50
  LMP + BESS both            mean=$  95,041.4M  std=$1.04M  (17s)
  [LMP_+_toll_+_BESS_Houston]   5/50
  [LMP_+_toll_+_BESS_Houston]  10/50
  [LMP_+_toll_+_BESS_Houston]  15/50
  [LMP_+_toll_+_BESS_Houston]  20/50
  [LMP_+_toll_+_BESS_Houston]  25/50
  [LMP_+_toll_+_BESS_Houston]  30/50
  [LMP_+_toll_+_BESS_Houston]  35/50
  [LMP_+_toll_+_BESS_Houston]  40/50
  [LMP_+_toll_+_BESS_Houston]  45/50
  [LMP_+_toll_+_BESS_Houston]  50/50
  LMP + toll + BESS Houston  mean=$  95,039.1M  std=$1.00M  (14s)
  [LMP_+_toll_+_BESS_West]   5/50
  [LMP_+_toll_+_BESS_West]  10/50
  [LMP_+_toll_+_BESS_West]  15/50
  [LMP_+_toll_+_BESS_West]  20/50
  [LMP_+_toll_+_BESS_West]  25/50
  [LMP_+_toll_+_BESS_West]  30/50
  [LMP_+_toll_+_BESS_West]  35/50
  [LMP_+_toll_+_BESS_West]  40/50
  [LMP_+_toll_+_BESS_West]  45/50
  [LMP_+_toll_+_BESS_West]  50/50
  LMP + toll + BESS West     mean=$  95,039.3M  std=$0.98M  (14s)
  [LMP_+_toll_+_BESS_both]   5/50
  [LMP_+_toll_+_BESS_both]  10/50
  [LMP_+_toll_+_BESS_both]  15/50
  [LMP_+_toll_+_BESS_both]  20/50
  [LMP_+_toll_+_BESS_both]  25/50
  [LMP_+_toll_+_BESS_both]  30/50
  [LMP_+_toll_+_BESS_both]  35/50
  [LMP_+_toll_+_BESS_both]  40/50
  [LMP_+_toll_+_BESS_both]  45/50
  [LMP_+_toll_+_BESS_both]  50/50
  LMP + toll + BESS both     mean=$  95,037.7M  std=$0.95M  (19s)

==========================================================================================
PROFIT BY SCENARIO  ($M, across 50 paths)
==========================================================================================
                 scenario   mean_$M  std_$M    p05_$M    p95_$M
                 LMP only 95,044.33    1.13 95,042.50 95,045.77
               LMP + toll 95,040.69    1.04 95,039.01 95,042.03
       LMP + BESS Houston 95,042.71    1.09 95,040.95 95,044.11
          LMP + BESS West 95,042.98    1.08 95,041.23 95,044.36
          LMP + BESS both 95,041.36    1.04 95,039.67 95,042.70
LMP + toll + BESS Houston 95,039.07    1.00 95,037.45 95,040.37
   LMP + toll + BESS West 95,039.34    0.98 95,037.74 95,040.62
   LMP + toll + BESS both 95,037.72    0.95 95,036.18 95,038.97

==========================================================================================
MARGINAL VALUE vs LMP-only  ($M, per-path delta then averaged)
==========================================================================================
                 scenario  delta_mean  delta_std  delta_p05  delta_p95
                 LMP only       +0.00      +0.00      +0.00      +0.00
               LMP + toll       -3.64      +0.14      -3.83      -3.42
       LMP + BESS Houston       -1.62      +0.05      -1.68      -1.53
          LMP + BESS West       -1.35      +0.06      -1.45      -1.25
          LMP + BESS both       -2.97      +0.10      -3.11      -2.77
LMP + toll + BESS Houston       -5.26      +0.18      -5.49      -4.97
   LMP + toll + BESS West       -4.99      +0.18      -5.23      -4.67
   LMP + toll + BESS both       -6.61      +0.22      -6.90      -6.21

==========================================================================================
BESS MECHANICS (averaged across paths)
==========================================================================================
                 scenario  ch_mwh  dis_dc_mwh  dis_grid_mwh  rev_bess_$M  bess_ch_$M  bess_lease_$M
       LMP + BESS Houston  52,798      13,202        35,372            2           1              3
          LMP + BESS West  55,552      14,072        37,036            2           1              3
          LMP + BESS both 108,350      21,603        78,079            4           2              6
LMP + toll + BESS Houston  52,798       7,237        41,337            2           1              3
   LMP + toll + BESS West  55,552      14,038        37,070            2           1              3
   LMP + toll + BESS both 108,350      16,272        83,410            5           2              6

BESS net (rev_bess - bess_ch - bess_lease, $M):
  LMP + BESS Houston         $-2.44M
  LMP + BESS West            $-2.30M
  LMP + BESS both            $-4.40M
  LMP + toll + BESS Houston  $-1.92M
  LMP + toll + BESS West     $-2.29M
  LMP + toll + BESS both     $-3.95M

==========================================================================================
VIRTUAL TBx SWAP — same 50 paths, x=4, daily settlement
==========================================================================================
   site  floating_mean_$M  floating_std_$M  floating_p05_$M  floating_p95_$M  breakeven_fixed_$M  net_at_physical_$M
HOUSTON             +1.27            +0.04            +1.22            +1.35               +1.27               -1.73
   WEST             +1.51            +0.06            +1.41            +1.61               +1.51               -1.49

TBx sensitivity to x (mean floating $M per site, RTE-adjusted):
x           1     2     4     8
site                           
HOUSTON +0.42 +0.78 +1.27 +1.82
WEST    +0.50 +0.91 +1.51 +2.15

==========================================================================================
PHYSICAL (LP-dispatched) vs VIRTUAL (TBx swap) BESS — per site, $M
==========================================================================================
   site  physical_net_$M  virtual_floating_$M  virtual_breakeven_$M  virtual_net_@$3M_$M  phys_minus_virt_$M
HOUSTON            -2.20                +1.27                 +1.27                -1.73               -0.47
   WEST            -2.20                +1.51                 +1.51                -1.49               -0.71
  physical_net = avg per-site (rev_bess - bess_ch - lease) from LP
  virtual_net_@$3M = E[floating] - $3M lease (apples-to-apples)

==========================================================================================
TOLL DAILY-CAP SENSITIVITY  (LMP+toll vs LMP-only, across 50 paths)
==========================================================================================
  [cap=peaker (720)]   5/50
  [cap=peaker (720)]  10/50
  [cap=peaker (720)]  15/50
  [cap=peaker (720)]  20/50
  [cap=peaker (720)]  25/50
  [cap=peaker (720)]  30/50
  [cap=peaker (720)]  35/50
  [cap=peaker (720)]  40/50
  [cap=peaker (720)]  45/50
  [cap=peaker (720)]  50/50
  peaker (720)              mean=$ 95,040.64M  toll delta vs LMP-only=$     -3.69M  toll-MWh=   47,869
  [cap=intermediate (1500)]   5/50
  [cap=intermediate (1500)]  10/50
  [cap=intermediate (1500)]  15/50
  [cap=intermediate (1500)]  20/50
  [cap=intermediate (1500)]  25/50
  [cap=intermediate (1500)]  30/50
  [cap=intermediate (1500)]  35/50
  [cap=intermediate (1500)]  40/50
  [cap=intermediate (1500)]  45/50
  [cap=intermediate (1500)]  50/50
  intermediate (1500)       mean=$ 95,040.69M  toll delta vs LMP-only=$     -3.64M  toll-MWh=   53,071
  [cap=near-nameplate (2280)]   5/50
  [cap=near-nameplate (2280)]  10/50
  [cap=near-nameplate (2280)]  15/50
  [cap=near-nameplate (2280)]  20/50
  [cap=near-nameplate (2280)]  25/50
  [cap=near-nameplate (2280)]  30/50
  [cap=near-nameplate (2280)]  35/50
  [cap=near-nameplate (2280)]  40/50
  [cap=near-nameplate (2280)]  45/50
  [cap=near-nameplate (2280)]  50/50
  near-nameplate (2280)     mean=$ 95,040.69M  toll delta vs LMP-only=$     -3.64M  toll-MWh=   53,357
  [cap=uncapped (None)]   5/50
  [cap=uncapped (None)]  10/50
  [cap=uncapped (None)]  15/50
  [cap=uncapped (None)]  20/50
  [cap=uncapped (None)]  25/50
  [cap=uncapped (None)]  30/50
  [cap=uncapped (None)]  35/50
  [cap=uncapped (None)]  40/50
  [cap=uncapped (None)]  45/50
  [cap=uncapped (None)]  50/50
  uncapped (None)           mean=$ 95,040.69M  toll delta vs LMP-only=$     -3.64M  toll-MWh=   53,359

Toll-cap sweep saved -> toll_cap_sweep_n50_doc_blended_c30.csv

==========================================================================================
RESERVATION-MW SENSITIVITY  (toll capacity sized ex-ante; LP solved per MW)
==========================================================================================
  MW=  0  base=$ 95,044.33M  lease@K=$8= 0.00M  net=$ 95,044.33M  (0s)
  [MW=20]   5/50
  [MW=20]  10/50
  [MW=20]  15/50
  [MW=20]  20/50
  [MW=20]  25/50
  [MW=20]  30/50
  [MW=20]  35/50
  [MW=20]  40/50
  [MW=20]  45/50
  [MW=20]  50/50
  MW= 20  base=$ 95,044.56M  lease@K=$8= 0.96M  net=$ 95,043.60M  (10s)
  [MW=40]   5/50
  [MW=40]  10/50
  [MW=40]  15/50
  [MW=40]  20/50
  [MW=40]  25/50
  [MW=40]  30/50
  [MW=40]  35/50
  [MW=40]  40/50
  [MW=40]  45/50
  [MW=40]  50/50
  MW= 40  base=$ 95,044.79M  lease@K=$8= 1.92M  net=$ 95,042.87M  (9s)
  [MW=60]   5/50
  [MW=60]  10/50
  [MW=60]  15/50
  [MW=60]  20/50
  [MW=60]  25/50
  [MW=60]  30/50
  [MW=60]  35/50
  [MW=60]  40/50
  [MW=60]  45/50
  [MW=60]  50/50
  MW= 60  base=$ 95,045.03M  lease@K=$8= 2.88M  net=$ 95,042.15M  (10s)
  [MW=80]   5/50
  [MW=80]  10/50
  [MW=80]  15/50
  [MW=80]  20/50
  [MW=80]  25/50
  [MW=80]  30/50
  [MW=80]  35/50
  [MW=80]  40/50
  [MW=80]  45/50
  [MW=80]  50/50
  MW= 80  base=$ 95,045.26M  lease@K=$8= 3.84M  net=$ 95,041.42M  (10s)
  [MW=100]   5/50
  [MW=100]  10/50
  [MW=100]  15/50
  [MW=100]  20/50
  [MW=100]  25/50
  [MW=100]  30/50
  [MW=100]  35/50
  [MW=100]  40/50
  [MW=100]  45/50
  [MW=100]  50/50
  MW=100  base=$ 95,045.49M  lease@K=$8= 4.80M  net=$ 95,040.69M  (10s)

Optimal reservation at K=$8.00/kW-mo: 0 MW  →  net=$95,044.33M  (LMP-only baseline: $95,044.33M, toll loses by $0.00M)

Reservation-MW sweep saved -> reservation_sweep_n50_doc_blended_c30.csv

==========================================================================================
CAPACITY-PAYMENT SENSITIVITY  (K swept; fixed-100MW vs optimal-MW views)
==========================================================================================
 K_per_kw_month  lease_at_100MW_$M  fixed100_net_mean_$M  fixed100_vs_lmp_only  optimal_mw  optimal_net_mean_$M  optimal_vs_lmp_only  lmp_only_mean_$M
          0.000              0.000            95,045.488                 1.161     100.000           95,045.488                1.161        95,044.327
          1.000              0.600            95,044.888                 0.561     100.000           95,044.888                0.561        95,044.327
          2.000              1.200            95,044.288                -0.039       0.000           95,044.327                0.000        95,044.327
          4.000              2.400            95,043.088                -1.239       0.000           95,044.327                0.000        95,044.327
          6.000              3.600            95,041.888                -2.439       0.000           95,044.327                0.000        95,044.327
          8.000              4.800            95,040.688                -3.639       0.000           95,044.327                0.000        95,044.327
         12.000              7.200            95,038.288                -6.039       0.000           95,044.327                0.000        95,044.327

Fixed-100MW breakeven K*  : $1.935/kW-month
Optimal-MW abandons toll  : at K ≥ $1.950/kW-month
Current default K=$8/kW-mo  → toll loses to LMP-only by $0.00M at the optimal MW reservation (0 MW)

Capacity-payment sweep saved -> capacity_payment_sweep_n50_doc_blended_c30.csv

Saved -> power_procurement_mc_n50_doc_blended_c30.csv (+ deltas, TBx, phys-vs-virt CSVs)
