==============================================================================
HEADLINE OPTIMIZATION DRIVER
==============================================================================
  scheme         : doc_blended
  toll           : True
  bess (both)    : True
  toll daily cap : none (unconstrained)
  RFP 500 floor  : 500.0 MWh-grid/day (mandatory)
  fwd-curve drift: gas +0.5%, power +1.0%
  mode           : Monte Carlo, N=50
  stress         : uri_full (FTG phase-4 overlay, 100h @ $5000–$9000/MWh, p=0.05)

[Calibrate + simulate] 50 MC paths via monte_carlo.calibrate_and_simulate() ...
    series transform  shift  kappa  sigma  halflife_hr  dt_hours
HB_HOUSTON       log   1.10 0.0719 0.2026       9.6341       1.0
   HB_WEST       log  14.21 0.0439 0.1617      15.7783       1.0
  HenryHub       log   0.00 0.0183 0.0197     907.7886      24.0

[Stress overlay 'uri_full' applied to MC paths]
series      mean  median_max     p95_max  frac_paths_max>500$  frac_paths_max>2000$
  base 39.009422  322.542603  514.361877                 0.08                   0.0
stress 54.792068  337.673340 8949.065430                 0.18                   0.1
  ⚠ Filtered out (fail 500/day floor or grid capacity): [10, 15, 20, 120, 150, 180]

[Phase A — Stage 1] Cadences: ['25d', '30d', '45d', '60d', '75d', '90d'] (from [10, 15, 20, 25, 30, 45, 60, 75, 90, 120, 150, 180])
  [S1 25d]   5/50
  [S1 25d]  10/50
  [S1 25d]  15/50
  [S1 25d]  20/50
  [S1 25d]  25/50
  [S1 25d]  30/50
  [S1 25d]  35/50
  [S1 25d]  40/50
  [S1 25d]  45/50
  [S1 25d]  50/50
  25d           mean profit across paths = $   15,637.1M
  [S1 30d]   5/50
  [S1 30d]  10/50
  [S1 30d]  15/50
  [S1 30d]  20/50
  [S1 30d]  25/50
  [S1 30d]  30/50
  [S1 30d]  35/50
  [S1 30d]  40/50
  [S1 30d]  45/50
  [S1 30d]  50/50
  30d           mean profit across paths = $   19,738.6M
  [S1 45d]   5/50
  [S1 45d]  10/50
  [S1 45d]  15/50
  [S1 45d]  20/50
  [S1 45d]  25/50
  [S1 45d]  30/50
  [S1 45d]  35/50
  [S1 45d]  40/50
  [S1 45d]  45/50
  [S1 45d]  50/50
  45d           mean profit across paths = $   27,058.5M
  [S1 60d]   5/50
  [S1 60d]  10/50
  [S1 60d]  15/50
  [S1 60d]  20/50
  [S1 60d]  25/50
  [S1 60d]  30/50
  [S1 60d]  35/50
  [S1 60d]  40/50
  [S1 60d]  45/50
  [S1 60d]  50/50
  60d           mean profit across paths = $   31,200.6M
  [S1 75d]   5/50
  [S1 75d]  10/50
  [S1 75d]  15/50
  [S1 75d]  20/50
  [S1 75d]  25/50
  [S1 75d]  30/50
  [S1 75d]  35/50
  [S1 75d]  40/50
  [S1 75d]  45/50
  [S1 75d]  50/50
  75d           mean profit across paths = $   34,133.9M
  [S1 90d]   5/50
  [S1 90d]  10/50
  [S1 90d]  15/50
  [S1 90d]  20/50
  [S1 90d]  25/50
  [S1 90d]  30/50
  [S1 90d]  35/50
  [S1 90d]  40/50
  [S1 90d]  45/50
  [S1 90d]  50/50
  90d           mean profit across paths = $   36,363.7M

  Stage-1 winner: 90d (mean $36,363.7M)

[Phase A — Stage 2] Refining around 90d → ['63d', '74d', '85d']
  [S2 63d]   5/50
  [S2 63d]  10/50
  [S2 63d]  15/50
  [S2 63d]  20/50
  [S2 63d]  25/50
  [S2 63d]  30/50
  [S2 63d]  35/50
  [S2 63d]  40/50
  [S2 63d]  45/50
  [S2 63d]  50/50
  63d           mean profit across paths = $   31,864.9M
  [S2 74d]   5/50
  [S2 74d]  10/50
  [S2 74d]  15/50
  [S2 74d]  20/50
  [S2 74d]  25/50
  [S2 74d]  30/50
  [S2 74d]  35/50
  [S2 74d]  40/50
  [S2 74d]  45/50
  [S2 74d]  50/50
  74d           mean profit across paths = $   33,967.6M
  [S2 85d]   5/50
  [S2 85d]  10/50
  [S2 85d]  15/50
  [S2 85d]  20/50
  [S2 85d]  25/50
  [S2 85d]  30/50
  [S2 85d]  35/50
  [S2 85d]  40/50
  [S2 85d]  45/50
  [S2 85d]  50/50
  85d           mean profit across paths = $   35,578.2M

[Phase A complete in 2.8 min]

==============================================================================
PHASE B — Locked-cadence results  (90d, averaged across 50 MC paths)
==============================================================================
  Inference revenue             36,411.40 $M
  BESS sell-to-grid revenue          7.72 $M
  ─ LMP power cost          −       33.74
  ─ Toll power cost         −        6.39
  ─ Toll 6-mo capacity pay  −        4.80
  ─ BESS charge cost        −        4.51
  ─ BESS 6-mo lease         −        6.00
  ──────────────────────────────────────
  PROFIT                        36,363.67 $M

  Profit distribution across paths ($M):
    mean =   36,363.7
    std  =       24.7
    p05  =   36,290.8
    p50  =   36,371.6
    p95  =   36,373.5

  LP's hourly procurement choices (MWh, averaged across paths):
    LMP grid draw          782,892  (91.2% of total)
    Tolling draw            75,217  (8.8%)
    BESS charge            115,870
    BESS discharge → DC     15,878
    BESS discharge→grid     90,722
    Training (grid-MWh)    157,296
    Inference (grid-MWh)   716,691

PHASE A RANKING — mean profit across 50 paths, by cadence
cadence   mean_$M  std_$M    p05_$M    p95_$M
    90d 36,363.67   24.73 36,290.84 36,373.47
    85d 35,578.20   24.73 35,505.37 35,588.00
    75d 34,133.92   24.73 34,061.09 34,143.72
    74d 33,967.60   24.73 33,894.77 33,977.40
    63d 31,864.91   24.73 31,792.09 31,874.72
    60d 31,200.63   24.73 31,127.81 31,210.44
    45d 27,058.47   24.73 26,985.65 27,068.28
    30d 19,738.61   24.73 19,665.78 19,748.41
    25d 15,637.11   24.73 15,564.29 15,646.92

⭐ Optimal cadence: 90d  →  mean profit $36,363.7M

==============================================================================
PHASE C — Procurement optimization at cadence 90d
==============================================================================
  [LMP_only]   5/50
  [LMP_only]  10/50
  [LMP_only]  15/50
  [LMP_only]  20/50
  [LMP_only]  25/50
  [LMP_only]  30/50
  [LMP_only]  35/50
  [LMP_only]  40/50
  [LMP_only]  45/50
  [LMP_only]  50/50
  LMP only                   mean=$  36,363.00M  std=$41.64M
  [LMP_+_toll]   5/50
  [LMP_+_toll]  10/50
  [LMP_+_toll]  15/50
  [LMP_+_toll]  20/50
  [LMP_+_toll]  25/50
  [LMP_+_toll]  30/50
  [LMP_+_toll]  35/50
  [LMP_+_toll]  40/50
  [LMP_+_toll]  45/50
  [LMP_+_toll]  50/50
  LMP + toll                 mean=$  36,365.32M  std=$26.98M
  [LMP_+_BESS_Houston]   5/50
  [LMP_+_BESS_Houston]  10/50
  [LMP_+_BESS_Houston]  15/50
  [LMP_+_BESS_Houston]  20/50
  [LMP_+_BESS_Houston]  25/50
  [LMP_+_BESS_Houston]  30/50
  [LMP_+_BESS_Houston]  35/50
  [LMP_+_BESS_Houston]  40/50
  [LMP_+_BESS_Houston]  45/50
  [LMP_+_BESS_Houston]  50/50
  LMP + BESS Houston         mean=$  36,362.04M  std=$40.52M
  [LMP_+_BESS_West]   5/50
  [LMP_+_BESS_West]  10/50
  [LMP_+_BESS_West]  15/50
  [LMP_+_BESS_West]  20/50
  [LMP_+_BESS_West]  25/50
  [LMP_+_BESS_West]  30/50
  [LMP_+_BESS_West]  35/50
  [LMP_+_BESS_West]  40/50
  [LMP_+_BESS_West]  45/50
  [LMP_+_BESS_West]  50/50
  LMP + BESS West            mean=$  36,362.30M  std=$40.53M
  [LMP_+_BESS_both]   5/50
  [LMP_+_BESS_both]  10/50
  [LMP_+_BESS_both]  15/50
  [LMP_+_BESS_both]  20/50
  [LMP_+_BESS_both]  25/50
  [LMP_+_BESS_both]  30/50
  [LMP_+_BESS_both]  35/50
  [LMP_+_BESS_both]  40/50
  [LMP_+_BESS_both]  45/50
  [LMP_+_BESS_both]  50/50
  LMP + BESS both            mean=$  36,361.35M  std=$39.40M
  [LMP_+_toll_+_BESS_Houston]   5/50
  [LMP_+_toll_+_BESS_Houston]  10/50
  [LMP_+_toll_+_BESS_Houston]  15/50
  [LMP_+_toll_+_BESS_Houston]  20/50
  [LMP_+_toll_+_BESS_Houston]  25/50
  [LMP_+_toll_+_BESS_Houston]  30/50
  [LMP_+_toll_+_BESS_Houston]  35/50
  [LMP_+_toll_+_BESS_Houston]  40/50
  [LMP_+_toll_+_BESS_Houston]  45/50
  [LMP_+_toll_+_BESS_Houston]  50/50
  LMP + toll + BESS Houston  mean=$  36,364.36M  std=$25.85M
  [LMP_+_toll_+_BESS_West]   5/50
  [LMP_+_toll_+_BESS_West]  10/50
  [LMP_+_toll_+_BESS_West]  15/50
  [LMP_+_toll_+_BESS_West]  20/50
  [LMP_+_toll_+_BESS_West]  25/50
  [LMP_+_toll_+_BESS_West]  30/50
  [LMP_+_toll_+_BESS_West]  35/50
  [LMP_+_toll_+_BESS_West]  40/50
  [LMP_+_toll_+_BESS_West]  45/50
  [LMP_+_toll_+_BESS_West]  50/50
  LMP + toll + BESS West     mean=$  36,364.63M  std=$25.86M
  [LMP_+_toll_+_BESS_both]   5/50
  [LMP_+_toll_+_BESS_both]  10/50
  [LMP_+_toll_+_BESS_both]  15/50
  [LMP_+_toll_+_BESS_both]  20/50
  [LMP_+_toll_+_BESS_both]  25/50
  [LMP_+_toll_+_BESS_both]  30/50
  [LMP_+_toll_+_BESS_both]  35/50
  [LMP_+_toll_+_BESS_both]  40/50
  [LMP_+_toll_+_BESS_both]  45/50
  [LMP_+_toll_+_BESS_both]  50/50
  LMP + toll + BESS both     mean=$  36,363.67M  std=$24.73M

Procurement ranking (mean profit across paths, $M):
                 scenario   mean_$M  std_$M    p05_$M    p95_$M
               LMP + toll 36,365.32   26.98 36,285.76 36,375.99
   LMP + toll + BESS West 36,364.63   25.86 36,288.47 36,374.85
LMP + toll + BESS Houston 36,364.36   25.85 36,288.13 36,374.61
   LMP + toll + BESS both 36,363.67   24.73 36,290.84 36,373.47
                 LMP only 36,363.00   41.64 36,238.06 36,378.87
          LMP + BESS West 36,362.30   40.53 36,240.68 36,377.68
       LMP + BESS Houston 36,362.04   40.52 36,240.22 36,377.44
          LMP + BESS both 36,361.35   39.40 36,242.77 36,376.25

⭐ Optimal procurement: LMP + toll  →  $36,365.32M mean profit

==============================================================================
VERIFICATION — Re-checking cadence winner under optimal procurement
==============================================================================
  Testing cadences: ['63d', '74d', '85d', '90d']
  [V 63d]   5/50
  [V 63d]  10/50
  [V 63d]  15/50
  [V 63d]  20/50
  [V 63d]  25/50
  [V 63d]  30/50
  [V 63d]  35/50
  [V 63d]  40/50
  [V 63d]  45/50
  [V 63d]  50/50
  63d         mean=$  31,866.56M
  [V 74d]   5/50
  [V 74d]  10/50
  [V 74d]  15/50
  [V 74d]  20/50
  [V 74d]  25/50
  [V 74d]  30/50
  [V 74d]  35/50
  [V 74d]  40/50
  [V 74d]  45/50
  [V 74d]  50/50
  74d         mean=$  33,969.25M
  [V 85d]   5/50
  [V 85d]  10/50
  [V 85d]  15/50
  [V 85d]  20/50
  [V 85d]  25/50
  [V 85d]  30/50
  [V 85d]  35/50
  [V 85d]  40/50
  [V 85d]  45/50
  [V 85d]  50/50
  85d         mean=$  35,579.85M
  [V 90d]   5/50
  [V 90d]  10/50
  [V 90d]  15/50
  [V 90d]  20/50
  [V 90d]  25/50
  [V 90d]  30/50
  [V 90d]  35/50
  [V 90d]  40/50
  [V 90d]  45/50
  [V 90d]  50/50
  90d         mean=$  36,365.32M ← initial winner

  ✓ Cadence winner confirmed: 90d is still optimal under Scenario(use_houston_tolling=True, use_bess=False, bess_sites=('HOUSTON', 'WEST'), token_input_price_per_mm=30.0, token_output_price_per_mm=180.0, training_min_mwh_per_day=500.0, toll_max_mwh_per_day=None, toll_mw_reserved=None)

==============================================================================
FINAL OPTIMAL POLICY
==============================================================================
  Cadence:        90d  (confirmed)
  Procurement:    LMP + toll
  Mean profit:    $36,365.32M (across 50 paths, includes all fixed costs)

==============================================================================
HOURLY SCHEDULE — winning cadence 90d (across 50 MC paths)
==============================================================================
  Re-solving 50 paths to recover per-path hourly schedules ...
  All per-path schedules saved   → hourly_winner_all_paths_n50_doc_blended.csv  (439,200 rows)
  Averaged-across-paths schedule → hourly_winner_avg_n50_doc_blended.csv  (8,784 rows)

  Sample (first 24 hours at HOUSTON, mean ± std across 50 paths):
           datetime   lmp        g_lmp       g_toll        train          inf train_compute_mwh inf_compute_mwh
2026-06-01 00:00:00 27.99  100.0          0.0        100.0          0.0              80.0             0.0      
2026-06-01 01:00:00 25.76  100.0          0.0        100.0          0.0              80.0             0.0      
2026-06-01 02:00:00 25.23    98.0±14.1     2.0±14.1  100.0          0.0              80.0             0.0      
2026-06-01 03:00:00 25.20    98.0±14.1     2.0±14.1  100.0          0.0              80.0             0.0      
2026-06-01 04:00:00 25.41    98.0±14.1     2.0±14.1  100.0          0.0              80.0             0.0      
2026-06-01 05:00:00 27.67    96.0±19.8     4.0±19.8  100.0          0.0              80.0             0.0      
2026-06-01 06:00:00 29.61    94.0±24.0     6.0±24.0  100.0          0.0              80.0             0.0      
2026-06-01 07:00:00 27.12    96.0±19.8     4.0±19.8  100.0          0.0              80.0             0.0      
2026-06-01 08:00:00 21.60    98.0±14.1     2.0±14.1  100.0          0.0              80.0             0.0      
2026-06-01 09:00:00 21.83    98.0±14.1     2.0±14.1  100.0          0.0              80.0             0.0      
2026-06-01 10:00:00 25.69    94.0±24.0     6.0±24.0  100.0          0.0              80.0             0.0      
2026-06-01 11:00:00 29.82    94.0±24.0     6.0±24.0  100.0          0.0              80.0             0.0      
2026-06-01 12:00:00 36.29    82.0±38.8    18.0±38.8  100.0          0.0              80.0             0.0      
2026-06-01 13:00:00 39.63    78.0±41.8    19.7±39.9    97.7±14.2    0.0               78.2±11.4       0.0      
2026-06-01 14:00:00 41.44    80.0±40.4    16.0±37.0    96.0±19.8    0.0               76.8±15.8       0.0      
2026-06-01 15:00:00 43.53    82.0±38.8    14.0±35.1    96.0±19.8    0.0               76.8±15.8       0.0      
2026-06-01 16:00:00 43.61    74.0±44.3    22.0±41.8    96.0±19.8    0.0               76.8±15.8       0.0      
2026-06-01 17:00:00 42.40    82.0±38.8    14.0±35.1    96.0±19.8    0.0               76.8±15.8       0.0      
2026-06-01 18:00:00 47.78    68.0±47.1    28.0±45.4    96.0±19.8    0.0               76.8±15.8       0.0      
2026-06-01 19:00:00 75.35    36.0±48.5    50.0±50.5    86.0±35.1    0.0               68.8±28.0       0.0      
2026-06-01 20:00:00 82.91    42.0±49.9    50.0±50.5    92.0±27.4    0.0               73.6±21.9       0.0      
2026-06-01 21:00:00 63.29    54.0±50.3    39.7±49.2    93.7±24.0    0.0               75.0±19.2       0.0      
2026-06-01 22:00:00 44.35    80.0±40.4    18.0±38.8    98.0±14.1    0.0               78.4±11.3       0.0      
2026-06-01 23:00:00 36.44    86.0±35.1    12.0±32.8    98.0±14.1    0.0               78.4±11.3       0.0      
  (skip 06) no capacity_payment_sweep_*.csv found
  (skip 07) no power_procurement_mc_*.csv found
  Result figures (5) → figures/
    01_train_inf_diurnal.png
    02_train_inf_cost_daily.png
    03b_procurement_mix_daily.png
    04_lmp_toll_overlay.png
    05_power_cost_fan_daily.png

==============================================================================
RUN SUMMARY consolidated → run_summary_n50_doc_blended_stress-uri_full.json
==============================================================================
  Final policy: 90d × LMP + toll
  Mean profit:  $36,365.32M across 50 MC paths
  Output CSVs co-located in:  C:\Users\WCCO\Documents\GitHub\FTG Final\model\outputs
