BESS × Toll ablation, MC N=50, cadence=30d, scheme=doc_blended

[1/2] Calibrating + simulating 50 MC paths ...
  Stress overlay 'mild' applied: 72h @ $200-$400/MWh, p=0.50

[2/2] Solving 8 scenarios × 50 paths = 400 LP runs ...
  [LMP_only]   5/50
  [LMP_only]  10/50
  [LMP_only]  15/50
  [LMP_only]  20/50
  [LMP_only]  25/50
  [LMP_only]  30/50
  [LMP_only]  35/50
  [LMP_only]  40/50
  [LMP_only]  45/50
  [LMP_only]  50/50
  LMP only                   mean=$  19,750.5M  std=$2.57M  (11s)
  [LMP_+_toll]   5/50
  [LMP_+_toll]  10/50
  [LMP_+_toll]  15/50
  [LMP_+_toll]  20/50
  [LMP_+_toll]  25/50
  [LMP_+_toll]  30/50
  [LMP_+_toll]  35/50
  [LMP_+_toll]  40/50
  [LMP_+_toll]  45/50
  [LMP_+_toll]  50/50
  LMP + toll                 mean=$  19,748.6M  std=$1.89M  (11s)
  [LMP_+_BESS_Houston]   5/50
  [LMP_+_BESS_Houston]  10/50
  [LMP_+_BESS_Houston]  15/50
  [LMP_+_BESS_Houston]  20/50
  [LMP_+_BESS_Houston]  25/50
  [LMP_+_BESS_Houston]  30/50
  [LMP_+_BESS_Houston]  35/50
  [LMP_+_BESS_Houston]  40/50
  [LMP_+_BESS_Houston]  45/50
  [LMP_+_BESS_Houston]  50/50
  LMP + BESS Houston         mean=$  19,749.3M  std=$2.48M  (13s)
  [LMP_+_BESS_West]   5/50
  [LMP_+_BESS_West]  10/50
  [LMP_+_BESS_West]  15/50
  [LMP_+_BESS_West]  20/50
  [LMP_+_BESS_West]  25/50
  [LMP_+_BESS_West]  30/50
  [LMP_+_BESS_West]  35/50
  [LMP_+_BESS_West]  40/50
  [LMP_+_BESS_West]  45/50
  [LMP_+_BESS_West]  50/50
  LMP + BESS West            mean=$  19,749.5M  std=$2.46M  (12s)
  [LMP_+_BESS_both]   5/50
  [LMP_+_BESS_both]  10/50
  [LMP_+_BESS_both]  15/50
  [LMP_+_BESS_both]  20/50
  [LMP_+_BESS_both]  25/50
  [LMP_+_BESS_both]  30/50
  [LMP_+_BESS_both]  35/50
  [LMP_+_BESS_both]  40/50
  [LMP_+_BESS_both]  45/50
  [LMP_+_BESS_both]  50/50
  LMP + BESS both            mean=$  19,748.2M  std=$2.38M  (17s)
  [LMP_+_toll_+_BESS_Houston]   5/50
  [LMP_+_toll_+_BESS_Houston]  10/50
  [LMP_+_toll_+_BESS_Houston]  15/50
  [LMP_+_toll_+_BESS_Houston]  20/50
  [LMP_+_toll_+_BESS_Houston]  25/50
  [LMP_+_toll_+_BESS_Houston]  30/50
  [LMP_+_toll_+_BESS_Houston]  35/50
  [LMP_+_toll_+_BESS_Houston]  40/50
  [LMP_+_toll_+_BESS_Houston]  45/50
  [LMP_+_toll_+_BESS_Houston]  50/50
  LMP + toll + BESS Houston  mean=$  19,747.3M  std=$1.80M  (12s)
  [LMP_+_toll_+_BESS_West]   5/50
  [LMP_+_toll_+_BESS_West]  10/50
  [LMP_+_toll_+_BESS_West]  15/50
  [LMP_+_toll_+_BESS_West]  20/50
  [LMP_+_toll_+_BESS_West]  25/50
  [LMP_+_toll_+_BESS_West]  30/50
  [LMP_+_toll_+_BESS_West]  35/50
  [LMP_+_toll_+_BESS_West]  40/50
  [LMP_+_toll_+_BESS_West]  45/50
  [LMP_+_toll_+_BESS_West]  50/50
  LMP + toll + BESS West     mean=$  19,747.5M  std=$1.78M  (14s)
  [LMP_+_toll_+_BESS_both]   5/50
  [LMP_+_toll_+_BESS_both]  10/50
  [LMP_+_toll_+_BESS_both]  15/50
  [LMP_+_toll_+_BESS_both]  20/50
  [LMP_+_toll_+_BESS_both]  25/50
  [LMP_+_toll_+_BESS_both]  30/50
  [LMP_+_toll_+_BESS_both]  35/50
  [LMP_+_toll_+_BESS_both]  40/50
  [LMP_+_toll_+_BESS_both]  45/50
  [LMP_+_toll_+_BESS_both]  50/50
  LMP + toll + BESS both     mean=$  19,746.2M  std=$1.70M  (18s)

==========================================================================================
PROFIT BY SCENARIO  ($M, across 50 paths)
==========================================================================================
                 scenario   mean_$M  std_$M    p05_$M    p95_$M
                 LMP only 19,750.55    2.57 19,747.10 19,754.11
               LMP + toll 19,748.58    1.89 19,746.01 19,751.17
       LMP + BESS Houston 19,749.25    2.48 19,745.90 19,752.67
          LMP + BESS West 19,749.52    2.46 19,746.17 19,752.90
          LMP + BESS both 19,748.22    2.38 19,744.97 19,751.45
LMP + toll + BESS Houston 19,747.28    1.80 19,744.80 19,749.80
   LMP + toll + BESS West 19,747.55    1.78 19,745.08 19,750.00
   LMP + toll + BESS both 19,746.25    1.70 19,743.87 19,748.60

==========================================================================================
MARGINAL VALUE vs LMP-only  ($M, per-path delta then averaged)
==========================================================================================
                 scenario  delta_mean  delta_std  delta_p05  delta_p95
                 LMP only       +0.00      +0.00      +0.00      +0.00
               LMP + toll       -1.97      +0.78      -2.95      -0.80
       LMP + BESS Houston       -1.30      +0.10      -1.43      -1.16
          LMP + BESS West       -1.03      +0.12      -1.23      -0.89
          LMP + BESS both       -2.33      +0.20      -2.63      -2.07
LMP + toll + BESS Houston       -3.27      +0.87      -4.38      -1.99
   LMP + toll + BESS West       -3.00      +0.87      -4.13      -1.70
   LMP + toll + BESS both       -4.30      +0.96      -5.55      -2.89

==========================================================================================
BESS MECHANICS (averaged across paths)
==========================================================================================
                 scenario  ch_mwh  dis_dc_mwh  dis_grid_mwh  rev_bess_$M  bess_ch_$M  bess_lease_$M
       LMP + BESS Houston  56,670      13,792        38,345            2           1              3
          LMP + BESS West  59,499      14,569        40,171            2           1              3
          LMP + BESS both 116,169      21,982        84,894            5           3              6
LMP + toll + BESS Houston  56,670       7,043        45,094            3           1              3
   LMP + toll + BESS West  59,499      14,471        40,269            2           1              3
   LMP + toll + BESS both 116,169      16,300        90,576            6           3              6

BESS net (rev_bess - bess_ch - bess_lease, $M):
  LMP + BESS Houston         $-2.27M
  LMP + BESS West            $-2.12M
  LMP + BESS both            $-3.97M
  LMP + toll + BESS Houston  $-1.57M
  LMP + toll + BESS West     $-2.11M
  LMP + toll + BESS both     $-3.37M

==========================================================================================
VIRTUAL TBx SWAP — same 50 paths, x=4, daily settlement
==========================================================================================
   site  floating_mean_$M  floating_std_$M  floating_p05_$M  floating_p95_$M  breakeven_fixed_$M  net_at_physical_$M
HOUSTON             +1.55            +0.09            +1.42            +1.68               +1.55               -1.45
   WEST             +1.80            +0.11            +1.61            +1.95               +1.80               -1.20

TBx sensitivity to x (mean floating $M per site, RTE-adjusted):
x           1     2     4     8
site                           
HOUSTON +0.51 +0.93 +1.55 +2.26
WEST    +0.58 +1.07 +1.80 +2.60

==========================================================================================
PHYSICAL (LP-dispatched) vs VIRTUAL (TBx swap) BESS — per site, $M
==========================================================================================
   site  physical_net_$M  virtual_floating_$M  virtual_breakeven_$M  virtual_net_@$3M_$M  phys_minus_virt_$M
HOUSTON            -1.98                +1.55                 +1.55                -1.45               -0.53
   WEST            -1.98                +1.80                 +1.80                -1.20               -0.78
  physical_net = avg per-site (rev_bess - bess_ch - lease) from LP
  virtual_net_@$3M = E[floating] - $3M lease (apples-to-apples)

==========================================================================================
TOLL DAILY-CAP SENSITIVITY  (LMP+toll vs LMP-only, across 50 paths)
==========================================================================================
  [cap=peaker (720)]   5/50
  [cap=peaker (720)]  10/50
  [cap=peaker (720)]  15/50
  [cap=peaker (720)]  20/50
  [cap=peaker (720)]  25/50
  [cap=peaker (720)]  30/50
  [cap=peaker (720)]  35/50
  [cap=peaker (720)]  40/50
  [cap=peaker (720)]  45/50
  [cap=peaker (720)]  50/50
  peaker (720)              mean=$ 19,747.99M  toll delta vs LMP-only=$     -2.56M  toll-MWh=   58,354
  [cap=intermediate (1500)]   5/50
  [cap=intermediate (1500)]  10/50
  [cap=intermediate (1500)]  15/50
  [cap=intermediate (1500)]  20/50
  [cap=intermediate (1500)]  25/50
  [cap=intermediate (1500)]  30/50
  [cap=intermediate (1500)]  35/50
  [cap=intermediate (1500)]  40/50
  [cap=intermediate (1500)]  45/50
  [cap=intermediate (1500)]  50/50
  intermediate (1500)       mean=$ 19,748.43M  toll delta vs LMP-only=$     -2.12M  toll-MWh=   72,946
  [cap=near-nameplate (2280)]   5/50
  [cap=near-nameplate (2280)]  10/50
  [cap=near-nameplate (2280)]  15/50
  [cap=near-nameplate (2280)]  20/50
  [cap=near-nameplate (2280)]  25/50
  [cap=near-nameplate (2280)]  30/50
  [cap=near-nameplate (2280)]  35/50
  [cap=near-nameplate (2280)]  40/50
  [cap=near-nameplate (2280)]  45/50
  [cap=near-nameplate (2280)]  50/50
  near-nameplate (2280)     mean=$ 19,748.57M  toll delta vs LMP-only=$     -1.98M  toll-MWh=   75,700
  [cap=uncapped (None)]   5/50
  [cap=uncapped (None)]  10/50
  [cap=uncapped (None)]  15/50
  [cap=uncapped (None)]  20/50
  [cap=uncapped (None)]  25/50
  [cap=uncapped (None)]  30/50
  [cap=uncapped (None)]  35/50
  [cap=uncapped (None)]  40/50
  [cap=uncapped (None)]  45/50
  [cap=uncapped (None)]  50/50
  uncapped (None)           mean=$ 19,748.58M  toll delta vs LMP-only=$     -1.97M  toll-MWh=   75,844

Toll-cap sweep saved -> toll_cap_sweep_n50_doc_blended_c30.csv

==========================================================================================
RESERVATION-MW SENSITIVITY  (toll capacity sized ex-ante; LP solved per MW)
==========================================================================================
  MW=  0  base=$ 19,750.55M  lease@K=$8= 0.00M  net=$ 19,750.55M  (0s)
  [MW=20]   5/50
  [MW=20]  10/50
  [MW=20]  15/50
  [MW=20]  20/50
  [MW=20]  25/50
  [MW=20]  30/50
  [MW=20]  35/50
  [MW=20]  40/50
  [MW=20]  45/50
  [MW=20]  50/50
  MW= 20  base=$ 19,751.12M  lease@K=$8= 0.96M  net=$ 19,750.16M  (7s)
  [MW=40]   5/50
  [MW=40]  10/50
  [MW=40]  15/50
  [MW=40]  20/50
  [MW=40]  25/50
  [MW=40]  30/50
  [MW=40]  35/50
  [MW=40]  40/50
  [MW=40]  45/50
  [MW=40]  50/50
  MW= 40  base=$ 19,751.69M  lease@K=$8= 1.92M  net=$ 19,749.77M  (11s)
  [MW=60]   5/50
  [MW=60]  10/50
  [MW=60]  15/50
  [MW=60]  20/50
  [MW=60]  25/50
  [MW=60]  30/50
  [MW=60]  35/50
  [MW=60]  40/50
  [MW=60]  45/50
  [MW=60]  50/50
  MW= 60  base=$ 19,752.25M  lease@K=$8= 2.88M  net=$ 19,749.37M  (8s)
  [MW=80]   5/50
  [MW=80]  10/50
  [MW=80]  15/50
  [MW=80]  20/50
  [MW=80]  25/50
  [MW=80]  30/50
  [MW=80]  35/50
  [MW=80]  40/50
  [MW=80]  45/50
  [MW=80]  50/50
  MW= 80  base=$ 19,752.82M  lease@K=$8= 3.84M  net=$ 19,748.98M  (10s)
  [MW=100]   5/50
  [MW=100]  10/50
  [MW=100]  15/50
  [MW=100]  20/50
  [MW=100]  25/50
  [MW=100]  30/50
  [MW=100]  35/50
  [MW=100]  40/50
  [MW=100]  45/50
  [MW=100]  50/50
  MW=100  base=$ 19,753.38M  lease@K=$8= 4.80M  net=$ 19,748.58M  (8s)

Optimal reservation at K=$8.00/kW-mo: 0 MW  →  net=$19,750.55M  (LMP-only baseline: $19,750.55M, toll loses by $0.00M)

Reservation-MW sweep saved -> reservation_sweep_n50_doc_blended_c30.csv

==========================================================================================
CAPACITY-PAYMENT SENSITIVITY  (K swept; fixed-100MW vs optimal-MW views)
==========================================================================================
 K_per_kw_month  lease_at_100MW_$M  fixed100_net_mean_$M  fixed100_vs_lmp_only  optimal_mw  optimal_net_mean_$M  optimal_vs_lmp_only  lmp_only_mean_$M
          0.000              0.000            19,753.380                 2.831     100.000           19,753.380                2.831        19,750.549
          1.000              0.600            19,752.780                 2.231     100.000           19,752.780                2.231        19,750.549
          2.000              1.200            19,752.180                 1.631     100.000           19,752.180                1.631        19,750.549
          2.500              1.500            19,751.880                 1.331     100.000           19,751.880                1.331        19,750.549
          3.000              1.800            19,751.580                 1.031     100.000           19,751.580                1.031        19,750.549
          3.500              2.100            19,751.280                 0.731     100.000           19,751.280                0.731        19,750.549
          4.000              2.400            19,750.980                 0.431     100.000           19,750.980                0.431        19,750.549
          6.000              3.600            19,749.780                -0.769       0.000           19,750.549                0.000        19,750.549
          8.000              4.800            19,748.580                -1.969       0.000           19,750.549                0.000        19,750.549
         12.000              7.200            19,746.180                -4.369       0.000           19,750.549                0.000        19,750.549

Fixed-100MW breakeven K*  : $4.718/kW-month
Optimal-MW abandons toll  : at K ≥ $4.750/kW-month
Current default K=$8/kW-mo  → toll loses to LMP-only by $0.00M at the optimal MW reservation (0 MW)

Capacity-payment sweep saved -> capacity_payment_sweep_n50_doc_blended_c30.csv

Saved -> power_procurement_mc_n50_doc_blended_c30.csv (+ deltas, TBx, phys-vs-virt CSVs)
