==============================================================================
HEADLINE OPTIMIZATION DRIVER
==============================================================================
  scheme         : doc_blended
  toll           : True
  bess (both)    : True
  toll daily cap : none (unconstrained)
  RFP 500 floor  : 500.0 MWh-grid/day (mandatory)
  fwd-curve drift: gas +0.0%, power +0.0%
  mode           : Monte Carlo, N=50
  stress         : uri_full (FTG phase-4 overlay, 100h @ $5000–$9000/MWh, p=0.05)

[Calibrate + simulate] 50 MC paths via monte_carlo.calibrate_and_simulate() ...
    series transform  shift  kappa  sigma  halflife_hr  dt_hours
HB_HOUSTON       log   1.10 0.0719 0.2026       9.6341       1.0
   HB_WEST       log  14.21 0.0439 0.1617      15.7783       1.0
  HenryHub       log   0.00 0.0183 0.0197     907.7886      24.0

[Stress overlay 'uri_full' applied to MC paths]
series      mean  median_max     p95_max  frac_paths_max>500$  frac_paths_max>2000$
  base 38.612293  319.338226  509.258301                 0.06                   0.0
stress 54.395809  334.319153 8949.065430                 0.16                   0.1
  ⚠ Filtered out (fail 500/day floor or grid capacity): [10, 15, 20, 120, 150, 180]

[Phase A — Stage 1] Cadences: ['25d', '30d', '45d', '60d', '75d', '90d'] (from [10, 15, 20, 25, 30, 45, 60, 75, 90, 120, 150, 180])
  [S1 25d]   5/50
  [S1 25d]  10/50
  [S1 25d]  15/50
  [S1 25d]  20/50
  [S1 25d]  25/50
  [S1 25d]  30/50
  [S1 25d]  35/50
  [S1 25d]  40/50
  [S1 25d]  45/50
  [S1 25d]  50/50
  25d           mean profit across paths = $   59,072.9M
  [S1 30d]   5/50
  [S1 30d]  10/50
  [S1 30d]  15/50
  [S1 30d]  20/50
  [S1 30d]  25/50
  [S1 30d]  30/50
  [S1 30d]  35/50
  [S1 30d]  40/50
  [S1 30d]  45/50
  [S1 30d]  50/50
  30d           mean profit across paths = $   76,110.7M
  [S1 45d]   5/50
  [S1 45d]  10/50
  [S1 45d]  15/50
  [S1 45d]  20/50
  [S1 45d]  25/50
  [S1 45d]  30/50
  [S1 45d]  35/50
  [S1 45d]  40/50
  [S1 45d]  45/50
  [S1 45d]  50/50
  45d           mean profit across paths = $  106,457.4M
  [S1 60d]   5/50
  [S1 60d]  10/50
  [S1 60d]  15/50
  [S1 60d]  20/50
  [S1 60d]  25/50
  [S1 60d]  30/50
  [S1 60d]  35/50
  [S1 60d]  40/50
  [S1 60d]  45/50
  [S1 60d]  50/50
  60d           mean profit across paths = $  123,559.2M
  [S1 75d]   5/50
  [S1 75d]  10/50
  [S1 75d]  15/50
  [S1 75d]  20/50
  [S1 75d]  25/50
  [S1 75d]  30/50
  [S1 75d]  35/50
  [S1 75d]  40/50
  [S1 75d]  45/50
  [S1 75d]  50/50
  75d           mean profit across paths = $  135,565.3M
  [S1 90d]   5/50
  [S1 90d]  10/50
  [S1 90d]  15/50
  [S1 90d]  20/50
  [S1 90d]  25/50
  [S1 90d]  30/50
  [S1 90d]  35/50
  [S1 90d]  40/50
  [S1 90d]  45/50
  [S1 90d]  50/50
  90d           mean profit across paths = $  144,742.6M

  Stage-1 winner: 90d (mean $144,742.6M)

[Phase A — Stage 2] Refining around 90d → ['63d', '74d', '85d', '95d']
  [S2 63d]   5/50
  [S2 63d]  10/50
  [S2 63d]  15/50
  [S2 63d]  20/50
  [S2 63d]  25/50
  [S2 63d]  30/50
  [S2 63d]  35/50
  [S2 63d]  40/50
  [S2 63d]  45/50
  [S2 63d]  50/50
  63d           mean profit across paths = $  126,270.3M
  [S2 74d]   5/50
  [S2 74d]  10/50
  [S2 74d]  15/50
  [S2 74d]  20/50
  [S2 74d]  25/50
  [S2 74d]  30/50
  [S2 74d]  35/50
  [S2 74d]  40/50
  [S2 74d]  45/50
  [S2 74d]  50/50
  74d           mean profit across paths = $  134,880.9M
  [S2 85d]   5/50
  [S2 85d]  10/50
  [S2 85d]  15/50
  [S2 85d]  20/50
  [S2 85d]  25/50
  [S2 85d]  30/50
  [S2 85d]  35/50
  [S2 85d]  40/50
  [S2 85d]  45/50
  [S2 85d]  50/50
  85d           mean profit across paths = $  141,545.8M
  [S2 95d]   5/50
  [S2 95d]  10/50
  [S2 95d]  15/50
  [S2 95d]  20/50
  [S2 95d]  25/50
  [S2 95d]  30/50
  [S2 95d]  35/50
  [S2 95d]  40/50
  [S2 95d]  45/50
  [S2 95d]  50/50
  95d           mean profit across paths = $  148,093.1M

[Phase A complete in 2.9 min]

==============================================================================
PHASE B — Locked-cadence results  (95d, averaged across 50 MC paths)
==============================================================================
  Inference revenue            148,140.63 $M
  BESS sell-to-grid revenue          7.86 $M
  ─ LMP power cost          −       33.78
  ─ Toll power cost         −        6.34
  ─ Toll 6-mo capacity pay  −        4.80
  ─ BESS charge cost        −        4.48
  ─ BESS 6-mo lease         −        6.00
  ──────────────────────────────────────
  PROFIT                       148,093.09 $M

  Profit distribution across paths ($M):
    mean =  148,093.1
    std  =       24.7
    p05  =  148,020.3
    p50  =  148,101.0
    p95  =  148,102.9

  LP's hourly procurement choices (MWh, averaged across paths):
    LMP grid draw          785,997  (91.3% of total)
    Tolling draw            74,547  (8.7%)
    BESS charge            115,969
    BESS discharge → DC     15,217
    BESS discharge→grid     91,475
    Training (grid-MWh)    157,623
    Inference (grid-MWh)   718,138

PHASE A RANKING — mean profit across 50 paths, by cadence
cadence    mean_$M  std_$M     p05_$M     p95_$M
    95d 148,093.09   24.73 148,020.27 148,102.91
    90d 144,742.59   24.73 144,669.78 144,752.41
    85d 141,545.76   24.73 141,472.95 141,555.58
    75d 135,565.28   24.73 135,492.46 135,575.10
    74d 134,880.90   24.73 134,808.08 134,890.71
    63d 126,270.25   24.73 126,197.44 126,280.07
    60d 123,559.20   24.73 123,486.39 123,569.02
    45d 106,457.36   24.73 106,384.55 106,467.18
    30d  76,110.66   24.73  76,037.85  76,120.48
    25d  59,072.94   24.73  59,000.12  59,082.76

⭐ Optimal cadence: 95d  →  mean profit $148,093.1M

==============================================================================
PHASE C — Procurement optimization at cadence 95d
==============================================================================
  [LMP_only]   5/50
  [LMP_only]  10/50
  [LMP_only]  15/50
  [LMP_only]  20/50
  [LMP_only]  25/50
  [LMP_only]  30/50
  [LMP_only]  35/50
  [LMP_only]  40/50
  [LMP_only]  45/50
  [LMP_only]  50/50
  LMP only                   mean=$ 148,092.48M  std=$41.64M
  [LMP_+_toll]   5/50
  [LMP_+_toll]  10/50
  [LMP_+_toll]  15/50
  [LMP_+_toll]  20/50
  [LMP_+_toll]  25/50
  [LMP_+_toll]  30/50
  [LMP_+_toll]  35/50
  [LMP_+_toll]  40/50
  [LMP_+_toll]  45/50
  [LMP_+_toll]  50/50
  LMP + toll                 mean=$ 148,094.77M  std=$26.98M
  [LMP_+_BESS_Houston]   5/50
  [LMP_+_BESS_Houston]  10/50
  [LMP_+_BESS_Houston]  15/50
  [LMP_+_BESS_Houston]  20/50
  [LMP_+_BESS_Houston]  25/50
  [LMP_+_BESS_Houston]  30/50
  [LMP_+_BESS_Houston]  35/50
  [LMP_+_BESS_Houston]  40/50
  [LMP_+_BESS_Houston]  45/50
  [LMP_+_BESS_Houston]  50/50
  LMP + BESS Houston         mean=$ 148,091.50M  std=$40.52M
  [LMP_+_BESS_West]   5/50
  [LMP_+_BESS_West]  10/50
  [LMP_+_BESS_West]  15/50
  [LMP_+_BESS_West]  20/50
  [LMP_+_BESS_West]  25/50
  [LMP_+_BESS_West]  30/50
  [LMP_+_BESS_West]  35/50
  [LMP_+_BESS_West]  40/50
  [LMP_+_BESS_West]  45/50
  [LMP_+_BESS_West]  50/50
  LMP + BESS West            mean=$ 148,091.77M  std=$40.53M
  [LMP_+_BESS_both]   5/50
  [LMP_+_BESS_both]  10/50
  [LMP_+_BESS_both]  15/50
  [LMP_+_BESS_both]  20/50
  [LMP_+_BESS_both]  25/50
  [LMP_+_BESS_both]  30/50
  [LMP_+_BESS_both]  35/50
  [LMP_+_BESS_both]  40/50
  [LMP_+_BESS_both]  45/50
  [LMP_+_BESS_both]  50/50
  LMP + BESS both            mean=$ 148,090.79M  std=$39.40M
  [LMP_+_toll_+_BESS_Houston]   5/50
  [LMP_+_toll_+_BESS_Houston]  10/50
  [LMP_+_toll_+_BESS_Houston]  15/50
  [LMP_+_toll_+_BESS_Houston]  20/50
  [LMP_+_toll_+_BESS_Houston]  25/50
  [LMP_+_toll_+_BESS_Houston]  30/50
  [LMP_+_toll_+_BESS_Houston]  35/50
  [LMP_+_toll_+_BESS_Houston]  40/50
  [LMP_+_toll_+_BESS_Houston]  45/50
  [LMP_+_toll_+_BESS_Houston]  50/50
  LMP + toll + BESS Houston  mean=$ 148,093.80M  std=$25.85M
  [LMP_+_toll_+_BESS_West]   5/50
  [LMP_+_toll_+_BESS_West]  10/50
  [LMP_+_toll_+_BESS_West]  15/50
  [LMP_+_toll_+_BESS_West]  20/50
  [LMP_+_toll_+_BESS_West]  25/50
  [LMP_+_toll_+_BESS_West]  30/50
  [LMP_+_toll_+_BESS_West]  35/50
  [LMP_+_toll_+_BESS_West]  40/50
  [LMP_+_toll_+_BESS_West]  45/50
  [LMP_+_toll_+_BESS_West]  50/50
  LMP + toll + BESS West     mean=$ 148,094.06M  std=$25.86M
  [LMP_+_toll_+_BESS_both]   5/50
  [LMP_+_toll_+_BESS_both]  10/50
  [LMP_+_toll_+_BESS_both]  15/50
  [LMP_+_toll_+_BESS_both]  20/50
  [LMP_+_toll_+_BESS_both]  25/50
  [LMP_+_toll_+_BESS_both]  30/50
  [LMP_+_toll_+_BESS_both]  35/50
  [LMP_+_toll_+_BESS_both]  40/50
  [LMP_+_toll_+_BESS_both]  45/50
  [LMP_+_toll_+_BESS_both]  50/50
  LMP + toll + BESS both     mean=$ 148,093.09M  std=$24.73M

Procurement ranking (mean profit across paths, $M):
                 scenario    mean_$M  std_$M     p05_$M     p95_$M
               LMP + toll 148,094.77   26.98 148,015.23 148,105.46
   LMP + toll + BESS West 148,094.06   25.86 148,017.92 148,104.30
LMP + toll + BESS Houston 148,093.80   25.85 148,017.58 148,104.06
   LMP + toll + BESS both 148,093.09   24.73 148,020.27 148,102.91
                 LMP only 148,092.48   41.64 147,967.55 148,108.33
          LMP + BESS West 148,091.77   40.53 147,970.16 148,107.13
       LMP + BESS Houston 148,091.50   40.52 147,969.68 148,106.89
          LMP + BESS both 148,090.79   39.40 147,972.22 148,105.68

⭐ Optimal procurement: LMP + toll  →  $148,094.77M mean profit

==============================================================================
VERIFICATION — Re-checking cadence winner under optimal procurement
==============================================================================
  Testing cadences: ['66d', '78d', '89d', '95d']
  [V 66d]   5/50
  [V 66d]  10/50
  [V 66d]  15/50
  [V 66d]  20/50
  [V 66d]  25/50
  [V 66d]  30/50
  [V 66d]  35/50
  [V 66d]  40/50
  [V 66d]  45/50
  [V 66d]  50/50
  66d         mean=$ 128,822.81M
  [V 78d]   5/50
  [V 78d]  10/50
  [V 78d]  15/50
  [V 78d]  20/50
  [V 78d]  25/50
  [V 78d]  30/50
  [V 78d]  35/50
  [V 78d]  40/50
  [V 78d]  45/50
  [V 78d]  50/50
  78d         mean=$ 137,525.08M
  [V 89d]   5/50
  [V 89d]  10/50
  [V 89d]  15/50
  [V 89d]  20/50
  [V 89d]  25/50
  [V 89d]  30/50
  [V 89d]  35/50
  [V 89d]  40/50
  [V 89d]  45/50
  [V 89d]  50/50
  89d         mean=$ 144,056.80M
  [V 95d]   5/50
  [V 95d]  10/50
  [V 95d]  15/50
  [V 95d]  20/50
  [V 95d]  25/50
  [V 95d]  30/50
  [V 95d]  35/50
  [V 95d]  40/50
  [V 95d]  45/50
  [V 95d]  50/50
  95d         mean=$ 148,094.77M ← initial winner

  ✓ Cadence winner confirmed: 95d is still optimal under Scenario(use_houston_tolling=True, use_bess=False, bess_sites=('HOUSTON', 'WEST'), token_input_price_per_mm=30.0, token_output_price_per_mm=180.0, training_min_mwh_per_day=500.0, toll_max_mwh_per_day=None, toll_mw_reserved=None)

==============================================================================
FINAL OPTIMAL POLICY
==============================================================================
  Cadence:        95d  (confirmed)
  Procurement:    LMP + toll
  Mean profit:    $148,094.77M (across 50 paths, includes all fixed costs)

==============================================================================
HOURLY SCHEDULE — winning cadence 95d (across 50 MC paths)
==============================================================================
  Re-solving 50 paths to recover per-path hourly schedules ...
  All per-path schedules saved   → hourly_winner_all_paths_n50_doc_blended.csv  (439,200 rows)
  Averaged-across-paths schedule → hourly_winner_avg_n50_doc_blended.csv  (8,784 rows)

  Sample (first 24 hours at HOUSTON, mean ± std across 50 paths):
           datetime   lmp        g_lmp       g_toll        train          inf train_compute_mwh inf_compute_mwh
2026-06-01 00:00:00 27.70  100.0          0.0        100.0          0.0              80.0             0.0      
2026-06-01 01:00:00 25.49  100.0          0.0        100.0          0.0              80.0             0.0      
2026-06-01 02:00:00 24.97    98.0±14.1     2.0±14.1  100.0          0.0              80.0             0.0      
2026-06-01 03:00:00 24.94    98.0±14.1     2.0±14.1  100.0          0.0              80.0             0.0      
2026-06-01 04:00:00 25.15    98.0±14.1     2.0±14.1  100.0          0.0              80.0             0.0      
2026-06-01 05:00:00 27.38    96.0±19.8     4.0±19.8  100.0          0.0              80.0             0.0      
2026-06-01 06:00:00 29.30    94.0±24.0     6.0±24.0  100.0          0.0              80.0             0.0      
2026-06-01 07:00:00 26.84    96.0±19.8     4.0±19.8  100.0          0.0              80.0             0.0      
2026-06-01 08:00:00 21.37    98.0±14.1     2.0±14.1  100.0          0.0              80.0             0.0      
2026-06-01 09:00:00 21.60    98.0±14.1     2.0±14.1  100.0          0.0              80.0             0.0      
2026-06-01 10:00:00 25.43    94.0±24.0     6.0±24.0  100.0          0.0              80.0             0.0      
2026-06-01 11:00:00 29.51    94.0±24.0     6.0±24.0  100.0          0.0              80.0             0.0      
2026-06-01 12:00:00 35.92    82.0±38.8    18.0±38.8  100.0          0.0              80.0             0.0      
2026-06-01 13:00:00 39.23    80.0±40.4    20.0±40.4  100.0          0.0              80.0             0.0      
2026-06-01 14:00:00 41.02    82.0±38.8    17.2±37.5    99.2± 5.5    0.0               79.4± 4.4       0.0      
2026-06-01 15:00:00 43.09    82.0±38.8    16.0±37.0    98.0±14.1    0.0               78.4±11.3       0.0      
2026-06-01 16:00:00 43.17    74.0±44.3    26.0±44.3  100.0          0.0              80.0             0.0      
2026-06-01 17:00:00 41.97    82.0±38.8    18.0±38.8  100.0          0.0              80.0             0.0      
2026-06-01 18:00:00 47.30    68.0±47.1    32.0±47.1  100.0          0.0              80.0             0.0      
2026-06-01 19:00:00 74.59    38.0±49.0    58.0±49.9    96.0±19.8    0.0               76.8±15.8       0.0      
2026-06-01 20:00:00 82.08    42.0±49.9    58.0±49.9  100.0          0.0              80.0             0.0      
2026-06-01 21:00:00 62.65    56.0±50.1    44.0±50.1  100.0          0.0              80.0             0.0      
2026-06-01 22:00:00 43.90    82.0±38.8    18.0±38.8  100.0          0.0              80.0             0.0      
2026-06-01 23:00:00 36.07    88.0±32.8    12.0±32.8  100.0          0.0              80.0             0.0      
  (skip 06) no capacity_payment_sweep_*.csv found
  (skip 07) no power_procurement_mc_*.csv found
  Result figures (5) → figures/
    01_train_inf_diurnal.png
    02_train_inf_cost_daily.png
    03b_procurement_mix_daily.png
    04_lmp_toll_overlay.png
    05_power_cost_fan_daily.png

==============================================================================
RUN SUMMARY consolidated → run_summary_n50_doc_blended_stress-uri_full.json
==============================================================================
  Final policy: 95d × LMP + toll
  Mean profit:  $148,094.77M across 50 MC paths
  Output CSVs co-located in:  C:\Users\WCCO\Documents\GitHub\FTG Final\model\outputs
