BESS × Toll ablation, MC N=50, cadence=30d, scheme=doc_blended

[1/2] Calibrating + simulating 50 MC paths ...
  Stress overlay 'uri_full' applied: 100h @ $5000-$9000/MWh, p=0.05

[2/2] Solving 8 scenarios × 50 paths = 400 LP runs ...
  [LMP_only]   5/50
  [LMP_only]  10/50
  [LMP_only]  15/50
  [LMP_only]  20/50
  [LMP_only]  25/50
  [LMP_only]  30/50
  [LMP_only]  35/50
  [LMP_only]  40/50
  [LMP_only]  45/50
  [LMP_only]  50/50
  LMP only                   mean=$  76,110.1M  std=$41.64M  (10s)
  [LMP_+_toll]   5/50
  [LMP_+_toll]  10/50
  [LMP_+_toll]  15/50
  [LMP_+_toll]  20/50
  [LMP_+_toll]  25/50
  [LMP_+_toll]  30/50
  [LMP_+_toll]  35/50
  [LMP_+_toll]  40/50
  [LMP_+_toll]  45/50
  [LMP_+_toll]  50/50
  LMP + toll                 mean=$  76,112.3M  std=$26.98M  (11s)
  [LMP_+_BESS_Houston]   5/50
  [LMP_+_BESS_Houston]  10/50
  [LMP_+_BESS_Houston]  15/50
  [LMP_+_BESS_Houston]  20/50
  [LMP_+_BESS_Houston]  25/50
  [LMP_+_BESS_Houston]  30/50
  [LMP_+_BESS_Houston]  35/50
  [LMP_+_BESS_Houston]  40/50
  [LMP_+_BESS_Houston]  45/50
  [LMP_+_BESS_Houston]  50/50
  LMP + BESS Houston         mean=$  76,109.1M  std=$40.52M  (13s)
  [LMP_+_BESS_West]   5/50
  [LMP_+_BESS_West]  10/50
  [LMP_+_BESS_West]  15/50
  [LMP_+_BESS_West]  20/50
  [LMP_+_BESS_West]  25/50
  [LMP_+_BESS_West]  30/50
  [LMP_+_BESS_West]  35/50
  [LMP_+_BESS_West]  40/50
  [LMP_+_BESS_West]  45/50
  [LMP_+_BESS_West]  50/50
  LMP + BESS West            mean=$  76,109.3M  std=$40.53M  (14s)
  [LMP_+_BESS_both]   5/50
  [LMP_+_BESS_both]  10/50
  [LMP_+_BESS_both]  15/50
  [LMP_+_BESS_both]  20/50
  [LMP_+_BESS_both]  25/50
  [LMP_+_BESS_both]  30/50
  [LMP_+_BESS_both]  35/50
  [LMP_+_BESS_both]  40/50
  [LMP_+_BESS_both]  45/50
  [LMP_+_BESS_both]  50/50
  LMP + BESS both            mean=$  76,108.4M  std=$39.40M  (17s)
  [LMP_+_toll_+_BESS_Houston]   5/50
  [LMP_+_toll_+_BESS_Houston]  10/50
  [LMP_+_toll_+_BESS_Houston]  15/50
  [LMP_+_toll_+_BESS_Houston]  20/50
  [LMP_+_toll_+_BESS_Houston]  25/50
  [LMP_+_toll_+_BESS_Houston]  30/50
  [LMP_+_toll_+_BESS_Houston]  35/50
  [LMP_+_toll_+_BESS_Houston]  40/50
  [LMP_+_toll_+_BESS_Houston]  45/50
  [LMP_+_toll_+_BESS_Houston]  50/50
  LMP + toll + BESS Houston  mean=$  76,111.4M  std=$25.85M  (13s)
  [LMP_+_toll_+_BESS_West]   5/50
  [LMP_+_toll_+_BESS_West]  10/50
  [LMP_+_toll_+_BESS_West]  15/50
  [LMP_+_toll_+_BESS_West]  20/50
  [LMP_+_toll_+_BESS_West]  25/50
  [LMP_+_toll_+_BESS_West]  30/50
  [LMP_+_toll_+_BESS_West]  35/50
  [LMP_+_toll_+_BESS_West]  40/50
  [LMP_+_toll_+_BESS_West]  45/50
  [LMP_+_toll_+_BESS_West]  50/50
  LMP + toll + BESS West     mean=$  76,111.6M  std=$25.86M  (14s)
  [LMP_+_toll_+_BESS_both]   5/50
  [LMP_+_toll_+_BESS_both]  10/50
  [LMP_+_toll_+_BESS_both]  15/50
  [LMP_+_toll_+_BESS_both]  20/50
  [LMP_+_toll_+_BESS_both]  25/50
  [LMP_+_toll_+_BESS_both]  30/50
  [LMP_+_toll_+_BESS_both]  35/50
  [LMP_+_toll_+_BESS_both]  40/50
  [LMP_+_toll_+_BESS_both]  45/50
  [LMP_+_toll_+_BESS_both]  50/50
  LMP + toll + BESS both     mean=$  76,110.7M  std=$24.73M  (17s)

==========================================================================================
PROFIT BY SCENARIO  ($M, across 50 paths)
==========================================================================================
                 scenario   mean_$M  std_$M    p05_$M    p95_$M
                 LMP only 76,110.05   41.64 75,985.13 76,125.91
               LMP + toll 76,112.35   26.98 76,032.80 76,123.04
       LMP + BESS Houston 76,109.08   40.52 75,987.26 76,124.47
          LMP + BESS West 76,109.34   40.53 75,987.73 76,124.70
          LMP + BESS both 76,108.37   39.40 75,989.79 76,123.26
LMP + toll + BESS Houston 76,111.37   25.85 76,035.15 76,121.63
   LMP + toll + BESS West 76,111.64   25.86 76,035.49 76,121.88
   LMP + toll + BESS both 76,110.66   24.73 76,037.85 76,120.48

==========================================================================================
MARGINAL VALUE vs LMP-only  ($M, per-path delta then averaged)
==========================================================================================
                 scenario  delta_mean  delta_std  delta_p05  delta_p95
                 LMP only       +0.00      +0.00      +0.00      +0.00
               LMP + toll       +2.30     +14.69      -2.99     +45.71
       LMP + BESS Houston       -0.98      +1.13      -1.43      +2.42
          LMP + BESS West       -0.71      +1.12      -1.24      +2.63
          LMP + BESS both       -1.68      +2.25      -2.65      +4.94
LMP + toll + BESS Houston       +1.32     +15.81      -4.41     +48.19
   LMP + toll + BESS West       +1.59     +15.80      -4.15     +48.36
   LMP + toll + BESS both       +0.61     +16.93      -5.57     +50.84

==========================================================================================
BESS MECHANICS (averaged across paths)
==========================================================================================
                 scenario  ch_mwh  dis_dc_mwh  dis_grid_mwh  rev_bess_$M  bess_ch_$M  bess_lease_$M
       LMP + BESS Houston  56,576      14,166        37,884            3           2              3
          LMP + BESS West  59,393      14,638        40,003            3           2              3
          LMP + BESS both 115,969      22,164        84,528            7           4              6
LMP + toll + BESS Houston  56,576       7,375        44,675            4           2              3
   LMP + toll + BESS West  59,393      14,675        39,966            3           2              3
   LMP + toll + BESS both 115,969      16,388        90,304            8           4              6

BESS net (rev_bess - bess_ch - bess_lease, $M):
  LMP + BESS Houston         $-2.25M
  LMP + BESS West            $-2.10M
  LMP + BESS both            $-3.66M
  LMP + toll + BESS Houston  $-1.26M
  LMP + toll + BESS West     $-2.09M
  LMP + toll + BESS both     $-2.94M

==========================================================================================
VIRTUAL TBx SWAP — same 50 paths, x=4, daily settlement
==========================================================================================
   site  floating_mean_$M  floating_std_$M  floating_p05_$M  floating_p95_$M  breakeven_fixed_$M  net_at_physical_$M
HOUSTON             +1.86            +1.08            +1.42            +4.93               +1.86               -1.14
   WEST             +2.11            +1.07            +1.59            +5.23               +2.11               -0.89

TBx sensitivity to x (mean floating $M per site, RTE-adjusted):
x           1     2     4     8
site                           
HOUSTON +0.60 +1.10 +1.86 +2.74
WEST    +0.67 +1.24 +2.11 +3.09

==========================================================================================
PHYSICAL (LP-dispatched) vs VIRTUAL (TBx swap) BESS — per site, $M
==========================================================================================
   site  physical_net_$M  virtual_floating_$M  virtual_breakeven_$M  virtual_net_@$3M_$M  phys_minus_virt_$M
HOUSTON            -1.83                +1.86                 +1.86                -1.14               -0.68
   WEST            -1.83                +2.11                 +2.11                -0.89               -0.94
  physical_net = avg per-site (rev_bess - bess_ch - lease) from LP
  virtual_net_@$3M = E[floating] - $3M lease (apples-to-apples)

==========================================================================================
TOLL DAILY-CAP SENSITIVITY  (LMP+toll vs LMP-only, across 50 paths)
==========================================================================================
  [cap=peaker (720)]   5/50
  [cap=peaker (720)]  10/50
  [cap=peaker (720)]  15/50
  [cap=peaker (720)]  20/50
  [cap=peaker (720)]  25/50
  [cap=peaker (720)]  30/50
  [cap=peaker (720)]  35/50
  [cap=peaker (720)]  40/50
  [cap=peaker (720)]  45/50
  [cap=peaker (720)]  50/50
  peaker (720)              mean=$ 76,109.38M  toll delta vs LMP-only=$     -0.67M  toll-MWh=   58,274
  [cap=intermediate (1500)]   5/50
  [cap=intermediate (1500)]  10/50
  [cap=intermediate (1500)]  15/50
  [cap=intermediate (1500)]  20/50
  [cap=intermediate (1500)]  25/50
  [cap=intermediate (1500)]  30/50
  [cap=intermediate (1500)]  35/50
  [cap=intermediate (1500)]  40/50
  [cap=intermediate (1500)]  45/50
  [cap=intermediate (1500)]  50/50
  intermediate (1500)       mean=$ 76,111.20M  toll delta vs LMP-only=$     +1.14M  toll-MWh=   72,271
  [cap=near-nameplate (2280)]   5/50
  [cap=near-nameplate (2280)]  10/50
  [cap=near-nameplate (2280)]  15/50
  [cap=near-nameplate (2280)]  20/50
  [cap=near-nameplate (2280)]  25/50
  [cap=near-nameplate (2280)]  30/50
  [cap=near-nameplate (2280)]  35/50
  [cap=near-nameplate (2280)]  40/50
  [cap=near-nameplate (2280)]  45/50
  [cap=near-nameplate (2280)]  50/50
  near-nameplate (2280)     mean=$ 76,112.25M  toll delta vs LMP-only=$     +2.19M  toll-MWh=   74,479
  [cap=uncapped (None)]   5/50
  [cap=uncapped (None)]  10/50
  [cap=uncapped (None)]  15/50
  [cap=uncapped (None)]  20/50
  [cap=uncapped (None)]  25/50
  [cap=uncapped (None)]  30/50
  [cap=uncapped (None)]  35/50
  [cap=uncapped (None)]  40/50
  [cap=uncapped (None)]  45/50
  [cap=uncapped (None)]  50/50
  uncapped (None)           mean=$ 76,112.35M  toll delta vs LMP-only=$     +2.30M  toll-MWh=   74,547

Toll-cap sweep saved -> toll_cap_sweep_n50_doc_blended_c30.csv

==========================================================================================
RESERVATION-MW SENSITIVITY  (toll capacity sized ex-ante; LP solved per MW)
==========================================================================================
  MW=  0  base=$ 76,110.05M  lease@K=$8= 0.00M  net=$ 76,110.05M  (0s)
  [MW=20]   5/50
  [MW=20]  10/50
  [MW=20]  15/50
  [MW=20]  20/50
  [MW=20]  25/50
  [MW=20]  30/50
  [MW=20]  35/50
  [MW=20]  40/50
  [MW=20]  45/50
  [MW=20]  50/50
  MW= 20  base=$ 76,111.47M  lease@K=$8= 0.96M  net=$ 76,110.51M  (9s)
  [MW=40]   5/50
  [MW=40]  10/50
  [MW=40]  15/50
  [MW=40]  20/50
  [MW=40]  25/50
  [MW=40]  30/50
  [MW=40]  35/50
  [MW=40]  40/50
  [MW=40]  45/50
  [MW=40]  50/50
  MW= 40  base=$ 76,112.89M  lease@K=$8= 1.92M  net=$ 76,110.97M  (10s)
  [MW=60]   5/50
  [MW=60]  10/50
  [MW=60]  15/50
  [MW=60]  20/50
  [MW=60]  25/50
  [MW=60]  30/50
  [MW=60]  35/50
  [MW=60]  40/50
  [MW=60]  45/50
  [MW=60]  50/50
  MW= 60  base=$ 76,114.31M  lease@K=$8= 2.88M  net=$ 76,111.43M  (11s)
  [MW=80]   5/50
  [MW=80]  10/50
  [MW=80]  15/50
  [MW=80]  20/50
  [MW=80]  25/50
  [MW=80]  30/50
  [MW=80]  35/50
  [MW=80]  40/50
  [MW=80]  45/50
  [MW=80]  50/50
  MW= 80  base=$ 76,115.73M  lease@K=$8= 3.84M  net=$ 76,111.89M  (10s)
  [MW=100]   5/50
  [MW=100]  10/50
  [MW=100]  15/50
  [MW=100]  20/50
  [MW=100]  25/50
  [MW=100]  30/50
  [MW=100]  35/50
  [MW=100]  40/50
  [MW=100]  45/50
  [MW=100]  50/50
  MW=100  base=$ 76,117.15M  lease@K=$8= 4.80M  net=$ 76,112.35M  (11s)

Optimal reservation at K=$8.00/kW-mo: 100 MW  →  net=$76,112.35M  (LMP-only baseline: $76,110.05M, toll beats $2.30M)

Reservation-MW sweep saved -> reservation_sweep_n50_doc_blended_c30.csv

==========================================================================================
CAPACITY-PAYMENT SENSITIVITY  (K swept; fixed-100MW vs optimal-MW views)
==========================================================================================
 K_per_kw_month  lease_at_100MW_$M  fixed100_net_mean_$M  fixed100_vs_lmp_only  optimal_mw  optimal_net_mean_$M  optimal_vs_lmp_only  lmp_only_mean_$M
          0.000              0.000            76,117.149                 7.097     100.000           76,117.149                7.097        76,110.052
          1.000              0.600            76,116.549                 6.497     100.000           76,116.549                6.497        76,110.052
          2.000              1.200            76,115.949                 5.897     100.000           76,115.949                5.897        76,110.052
          2.500              1.500            76,115.649                 5.597     100.000           76,115.649                5.597        76,110.052
          3.000              1.800            76,115.349                 5.297     100.000           76,115.349                5.297        76,110.052
          3.500              2.100            76,115.049                 4.997     100.000           76,115.049                4.997        76,110.052
          4.000              2.400            76,114.749                 4.697     100.000           76,114.749                4.697        76,110.052
          6.000              3.600            76,113.549                 3.497     100.000           76,113.549                3.497        76,110.052
          8.000              4.800            76,112.349                 2.297     100.000           76,112.349                2.297        76,110.052
         12.000              7.200            76,109.949                -0.103       0.000           76,110.052                0.000        76,110.052

Fixed-100MW breakeven K*  : $11.829/kW-month
Optimal-MW abandons toll  : at K ≥ $11.850/kW-month
Current default K=$8/kW-mo  → toll beats LMP-only by $2.30M at the optimal MW reservation (100 MW)

Capacity-payment sweep saved -> capacity_payment_sweep_n50_doc_blended_c30.csv

Saved -> power_procurement_mc_n50_doc_blended_c30.csv (+ deltas, TBx, phys-vs-virt CSVs)
