==============================================================================
HEADLINE OPTIMIZATION DRIVER
==============================================================================
  scheme         : doc_blended
  toll           : True
  bess (both)    : True
  toll daily cap : none (unconstrained)
  RFP 500 floor  : 500.0 MWh-grid/day (mandatory)
  fwd-curve drift: gas +0.0%, power +0.0%
  mode           : Monte Carlo, N=50
  stress         : none

[Calibrate + simulate] 50 MC paths via monte_carlo.calibrate_and_simulate() ...
    series transform  shift  kappa  sigma  halflife_hr  dt_hours
HB_HOUSTON       log   1.10 0.0719 0.2026       9.6341       1.0
   HB_WEST       log  14.21 0.0439 0.1617      15.7783       1.0
  HenryHub       log   0.00 0.0183 0.0197     907.7886      24.0
  ⚠ Filtered out (fail 500/day floor or grid capacity): [10, 15, 20, 120, 150, 180]

[Phase A — Stage 1] Cadences: ['25d', '30d', '45d', '60d', '75d', '90d'] (from [10, 15, 20, 25, 30, 45, 60, 75, 90, 120, 150, 180])
  [S1 25d]   5/50
  [S1 25d]  10/50
  [S1 25d]  15/50
  [S1 25d]  20/50
  [S1 25d]  25/50
  [S1 25d]  30/50
  [S1 25d]  35/50
  [S1 25d]  40/50
  [S1 25d]  45/50
  [S1 25d]  50/50
  25d           mean profit across paths = $   59,081.2M
  [S1 30d]   5/50
  [S1 30d]  10/50
  [S1 30d]  15/50
  [S1 30d]  20/50
  [S1 30d]  25/50
  [S1 30d]  30/50
  [S1 30d]  35/50
  [S1 30d]  40/50
  [S1 30d]  45/50
  [S1 30d]  50/50
  30d           mean profit across paths = $   76,118.9M
  [S1 45d]   5/50
  [S1 45d]  10/50
  [S1 45d]  15/50
  [S1 45d]  20/50
  [S1 45d]  25/50
  [S1 45d]  30/50
  [S1 45d]  35/50
  [S1 45d]  40/50
  [S1 45d]  45/50
  [S1 45d]  50/50
  45d           mean profit across paths = $  106,465.6M
  [S1 60d]   5/50
  [S1 60d]  10/50
  [S1 60d]  15/50
  [S1 60d]  20/50
  [S1 60d]  25/50
  [S1 60d]  30/50
  [S1 60d]  35/50
  [S1 60d]  40/50
  [S1 60d]  45/50
  [S1 60d]  50/50
  60d           mean profit across paths = $  123,567.4M
  [S1 75d]   5/50
  [S1 75d]  10/50
  [S1 75d]  15/50
  [S1 75d]  20/50
  [S1 75d]  25/50
  [S1 75d]  30/50
  [S1 75d]  35/50
  [S1 75d]  40/50
  [S1 75d]  45/50
  [S1 75d]  50/50
  75d           mean profit across paths = $  135,573.5M
  [S1 90d]   5/50
  [S1 90d]  10/50
  [S1 90d]  15/50
  [S1 90d]  20/50
  [S1 90d]  25/50
  [S1 90d]  30/50
  [S1 90d]  35/50
  [S1 90d]  40/50
  [S1 90d]  45/50
  [S1 90d]  50/50
  90d           mean profit across paths = $  144,750.8M

  Stage-1 winner: 90d (mean $144,750.8M)

[Phase A — Stage 2] Refining around 90d → ['63d', '74d', '85d', '95d']
  [S2 63d]   5/50
  [S2 63d]  10/50
  [S2 63d]  15/50
  [S2 63d]  20/50
  [S2 63d]  25/50
  [S2 63d]  30/50
  [S2 63d]  35/50
  [S2 63d]  40/50
  [S2 63d]  45/50
  [S2 63d]  50/50
  63d           mean profit across paths = $  126,278.5M
  [S2 74d]   5/50
  [S2 74d]  10/50
  [S2 74d]  15/50
  [S2 74d]  20/50
  [S2 74d]  25/50
  [S2 74d]  30/50
  [S2 74d]  35/50
  [S2 74d]  40/50
  [S2 74d]  45/50
  [S2 74d]  50/50
  74d           mean profit across paths = $  134,889.1M
  [S2 85d]   5/50
  [S2 85d]  10/50
  [S2 85d]  15/50
  [S2 85d]  20/50
  [S2 85d]  25/50
  [S2 85d]  30/50
  [S2 85d]  35/50
  [S2 85d]  40/50
  [S2 85d]  45/50
  [S2 85d]  50/50
  85d           mean profit across paths = $  141,554.0M
  [S2 95d]   5/50
  [S2 95d]  10/50
  [S2 95d]  15/50
  [S2 95d]  20/50
  [S2 95d]  25/50
  [S2 95d]  30/50
  [S2 95d]  35/50
  [S2 95d]  40/50
  [S2 95d]  45/50
  [S2 95d]  50/50
  95d           mean profit across paths = $  148,101.3M

[Phase A complete in 3.0 min]

==============================================================================
PHASE B — Locked-cadence results  (95d, averaged across 50 MC paths)
==============================================================================
  Inference revenue            148,140.63 $M
  BESS sell-to-grid revenue          5.49 $M
  ─ LMP power cost          −       27.04
  ─ Toll power cost         −        4.28
  ─ Toll 6-mo capacity pay  −        4.80
  ─ BESS charge cost        −        2.69
  ─ BESS 6-mo lease         −        6.00
  ──────────────────────────────────────
  PROFIT                       148,101.32 $M

  Profit distribution across paths ($M):
    mean =  148,101.3
    std  =        1.2
    p05  =  148,099.3
    p50  =  148,101.2
    p95  =  148,102.9

  LP's hourly procurement choices (MWh, averaged across paths):
    LMP grid draw          786,770  (91.4% of total)
    Tolling draw            73,733  (8.6%)
    BESS charge            115,920
    BESS discharge → DC     15,259
    BESS discharge→grid     91,387
    Training (grid-MWh)    157,623
    Inference (grid-MWh)   718,138

PHASE A RANKING — mean profit across 50 paths, by cadence
cadence    mean_$M  std_$M     p05_$M     p95_$M
    95d 148,101.32    1.25 148,099.28 148,102.91
    90d 144,750.82    1.25 144,748.79 144,752.41
    85d 141,553.99    1.25 141,551.96 141,555.58
    75d 135,573.50    1.25 135,571.47 135,575.10
    74d 134,889.12    1.25 134,887.09 134,890.71
    63d 126,278.48    1.25 126,276.45 126,280.07
    60d 123,567.43    1.25 123,565.40 123,569.02
    45d 106,465.59    1.25 106,463.56 106,467.18
    30d  76,118.89    1.25  76,116.86  76,120.48
    25d  59,081.16    1.25  59,079.13  59,082.76

⭐ Optimal cadence: 95d  →  mean profit $148,101.3M

==============================================================================
PHASE C — Procurement optimization at cadence 95d
==============================================================================
  [LMP_only]   5/50
  [LMP_only]  10/50
  [LMP_only]  15/50
  [LMP_only]  20/50
  [LMP_only]  25/50
  [LMP_only]  30/50
  [LMP_only]  35/50
  [LMP_only]  40/50
  [LMP_only]  45/50
  [LMP_only]  50/50
  LMP only                   mean=$ 148,106.34M  std=$1.61M
  [LMP_+_toll]   5/50
  [LMP_+_toll]  10/50
  [LMP_+_toll]  15/50
  [LMP_+_toll]  20/50
  [LMP_+_toll]  25/50
  [LMP_+_toll]  30/50
  [LMP_+_toll]  35/50
  [LMP_+_toll]  40/50
  [LMP_+_toll]  45/50
  [LMP_+_toll]  50/50
  LMP + toll                 mean=$ 148,103.75M  std=$1.38M
  [LMP_+_BESS_Houston]   5/50
  [LMP_+_BESS_Houston]  10/50
  [LMP_+_BESS_Houston]  15/50
  [LMP_+_BESS_Houston]  20/50
  [LMP_+_BESS_Houston]  25/50
  [LMP_+_BESS_Houston]  30/50
  [LMP_+_BESS_Houston]  35/50
  [LMP_+_BESS_Houston]  40/50
  [LMP_+_BESS_Houston]  45/50
  [LMP_+_BESS_Houston]  50/50
  LMP + BESS Houston         mean=$ 148,104.99M  std=$1.54M
  [LMP_+_BESS_West]   5/50
  [LMP_+_BESS_West]  10/50
  [LMP_+_BESS_West]  15/50
  [LMP_+_BESS_West]  20/50
  [LMP_+_BESS_West]  25/50
  [LMP_+_BESS_West]  30/50
  [LMP_+_BESS_West]  35/50
  [LMP_+_BESS_West]  40/50
  [LMP_+_BESS_West]  45/50
  [LMP_+_BESS_West]  50/50
  LMP + BESS West            mean=$ 148,105.26M  std=$1.53M
  [LMP_+_BESS_both]   5/50
  [LMP_+_BESS_both]  10/50
  [LMP_+_BESS_both]  15/50
  [LMP_+_BESS_both]  20/50
  [LMP_+_BESS_both]  25/50
  [LMP_+_BESS_both]  30/50
  [LMP_+_BESS_both]  35/50
  [LMP_+_BESS_both]  40/50
  [LMP_+_BESS_both]  45/50
  [LMP_+_BESS_both]  50/50
  LMP + BESS both            mean=$ 148,103.91M  std=$1.46M
  [LMP_+_toll_+_BESS_Houston]   5/50
  [LMP_+_toll_+_BESS_Houston]  10/50
  [LMP_+_toll_+_BESS_Houston]  15/50
  [LMP_+_toll_+_BESS_Houston]  20/50
  [LMP_+_toll_+_BESS_Houston]  25/50
  [LMP_+_toll_+_BESS_Houston]  30/50
  [LMP_+_toll_+_BESS_Houston]  35/50
  [LMP_+_toll_+_BESS_Houston]  40/50
  [LMP_+_toll_+_BESS_Houston]  45/50
  [LMP_+_toll_+_BESS_Houston]  50/50
  LMP + toll + BESS Houston  mean=$ 148,102.40M  std=$1.33M
  [LMP_+_toll_+_BESS_West]   5/50
  [LMP_+_toll_+_BESS_West]  10/50
  [LMP_+_toll_+_BESS_West]  15/50
  [LMP_+_toll_+_BESS_West]  20/50
  [LMP_+_toll_+_BESS_West]  25/50
  [LMP_+_toll_+_BESS_West]  30/50
  [LMP_+_toll_+_BESS_West]  35/50
  [LMP_+_toll_+_BESS_West]  40/50
  [LMP_+_toll_+_BESS_West]  45/50
  [LMP_+_toll_+_BESS_West]  50/50
  LMP + toll + BESS West     mean=$ 148,102.66M  std=$1.30M
  [LMP_+_toll_+_BESS_both]   5/50
  [LMP_+_toll_+_BESS_both]  10/50
  [LMP_+_toll_+_BESS_both]  15/50
  [LMP_+_toll_+_BESS_both]  20/50
  [LMP_+_toll_+_BESS_both]  25/50
  [LMP_+_toll_+_BESS_both]  30/50
  [LMP_+_toll_+_BESS_both]  35/50
  [LMP_+_toll_+_BESS_both]  40/50
  [LMP_+_toll_+_BESS_both]  45/50
  [LMP_+_toll_+_BESS_both]  50/50
  LMP + toll + BESS both     mean=$ 148,101.32M  std=$1.25M

Procurement ranking (mean profit across paths, $M):
                 scenario    mean_$M  std_$M     p05_$M     p95_$M
                 LMP only 148,106.34    1.61 148,103.76 148,108.33
          LMP + BESS West 148,105.26    1.53 148,102.81 148,107.13
       LMP + BESS Houston 148,104.99    1.54 148,102.51 148,106.89
          LMP + BESS both 148,103.91    1.46 148,101.56 148,105.68
               LMP + toll 148,103.75    1.38 148,101.48 148,105.46
   LMP + toll + BESS West 148,102.66    1.30 148,100.53 148,104.30
LMP + toll + BESS Houston 148,102.40    1.33 148,100.24 148,104.06
   LMP + toll + BESS both 148,101.32    1.25 148,099.28 148,102.91

⭐ Optimal procurement: LMP only  →  $148,106.34M mean profit

==============================================================================
VERIFICATION — Re-checking cadence winner under optimal procurement
==============================================================================
  Testing cadences: ['66d', '78d', '89d', '95d']
  [V 66d]   5/50
  [V 66d]  10/50
  [V 66d]  15/50
  [V 66d]  20/50
  [V 66d]  25/50
  [V 66d]  30/50
  [V 66d]  35/50
  [V 66d]  40/50
  [V 66d]  45/50
  [V 66d]  50/50
  66d         mean=$ 128,834.38M
  [V 78d]   5/50
  [V 78d]  10/50
  [V 78d]  15/50
  [V 78d]  20/50
  [V 78d]  25/50
  [V 78d]  30/50
  [V 78d]  35/50
  [V 78d]  40/50
  [V 78d]  45/50
  [V 78d]  50/50
  78d         mean=$ 137,536.65M
  [V 89d]   5/50
  [V 89d]  10/50
  [V 89d]  15/50
  [V 89d]  20/50
  [V 89d]  25/50
  [V 89d]  30/50
  [V 89d]  35/50
  [V 89d]  40/50
  [V 89d]  45/50
  [V 89d]  50/50
  89d         mean=$ 144,068.36M
  [V 95d]   5/50
  [V 95d]  10/50
  [V 95d]  15/50
  [V 95d]  20/50
  [V 95d]  25/50
  [V 95d]  30/50
  [V 95d]  35/50
  [V 95d]  40/50
  [V 95d]  45/50
  [V 95d]  50/50
  95d         mean=$ 148,106.34M ← initial winner

  ✓ Cadence winner confirmed: 95d is still optimal under Scenario(use_houston_tolling=False, use_bess=False, bess_sites=('HOUSTON', 'WEST'), token_input_price_per_mm=30.0, token_output_price_per_mm=180.0, training_min_mwh_per_day=500.0, toll_max_mwh_per_day=None, toll_mw_reserved=None)

==============================================================================
FINAL OPTIMAL POLICY
==============================================================================
  Cadence:        95d  (confirmed)
  Procurement:    LMP only
  Mean profit:    $148,106.34M (across 50 paths, includes all fixed costs)

==============================================================================
HOURLY SCHEDULE — winning cadence 95d (across 50 MC paths)
==============================================================================
  Re-solving 50 paths to recover per-path hourly schedules ...
  All per-path schedules saved   → hourly_winner_all_paths_n50_doc_blended.csv  (439,200 rows)
  Averaged-across-paths schedule → hourly_winner_avg_n50_doc_blended.csv  (8,784 rows)

  Sample (first 24 hours at HOUSTON, mean ± std across 50 paths):
           datetime   lmp        g_lmp       g_toll        train          inf train_compute_mwh inf_compute_mwh
2026-06-01 00:00:00 27.70  100.0          0.0        100.0          0.0              80.0             0.0      
2026-06-01 01:00:00 25.49  100.0          0.0        100.0          0.0              80.0             0.0      
2026-06-01 02:00:00 24.97  100.0          0.0        100.0          0.0              80.0             0.0      
2026-06-01 03:00:00 24.94  100.0          0.0        100.0          0.0              80.0             0.0      
2026-06-01 04:00:00 25.15  100.0          0.0        100.0          0.0              80.0             0.0      
2026-06-01 05:00:00 27.38  100.0          0.0        100.0          0.0              80.0             0.0      
2026-06-01 06:00:00 29.30  100.0          0.0        100.0          0.0              80.0             0.0      
2026-06-01 07:00:00 26.84  100.0          0.0        100.0          0.0              80.0             0.0      
2026-06-01 08:00:00 21.37  100.0          0.0        100.0          0.0              80.0             0.0      
2026-06-01 09:00:00 21.60  100.0          0.0        100.0          0.0              80.0             0.0      
2026-06-01 10:00:00 25.43  100.0          0.0        100.0          0.0              80.0             0.0      
2026-06-01 11:00:00 29.51  100.0          0.0        100.0          0.0              80.0             0.0      
2026-06-01 12:00:00 35.92    98.0±14.1    0.0          98.0±14.1    0.0               78.4±11.3       0.0      
2026-06-01 13:00:00 39.23    96.0±19.8    0.0          96.0±19.8    0.0               76.8±15.8       0.0      
2026-06-01 14:00:00 41.02    96.0±19.8    0.0          96.0±19.8    0.0               76.8±15.8       0.0      
2026-06-01 15:00:00 43.09    96.0±19.8    0.0          96.0±19.8    0.0               76.8±15.8       0.0      
2026-06-01 16:00:00 43.17    96.0±19.8    0.0          96.0±19.8    0.0               76.8±15.8       0.0      
2026-06-01 17:00:00 41.97    98.0±14.1    0.0          98.0±14.1    0.0               78.4±11.3       0.0      
2026-06-01 18:00:00 47.30    92.0±27.4    0.0          92.0±27.4    0.0               73.6±21.9       0.0      
2026-06-01 19:00:00 74.59    73.2±44.2    0.0          73.2±44.2    0.0               58.6±35.3       0.0      
2026-06-01 20:00:00 82.08    73.2±44.2    0.0          73.2±44.2    0.0               58.6±35.3       0.0      
2026-06-01 21:00:00 62.65    88.0±32.8    0.0          88.0±32.8    0.0               70.4±26.3       0.0      
2026-06-01 22:00:00 43.90    92.0±27.4    0.0          92.0±27.4    0.0               73.6±21.9       0.0      
2026-06-01 23:00:00 36.07    96.0±19.8    0.0          96.0±19.8    0.0               76.8±15.8       0.0      
  Result figures (4) → figures/
    01_train_inf_diurnal.png
    02_train_inf_cost_daily.png
    03b_procurement_mix_daily.png
    04_lmp_toll_overlay.png

==============================================================================
RUN SUMMARY consolidated → run_summary_n50_doc_blended.json
==============================================================================
  Final policy: 95d × LMP only
  Mean profit:  $148,106.34M across 50 MC paths
  Output CSVs co-located in:  C:\Users\WCCO\Documents\GitHub\FTG Final\model\outputs
